[2024-11-21T14:40:17.535+0000] {local_task_job_runner.py:123} INFO - ::group::Pre task execution logs
[2024-11-21T14:40:17.567+0000] {taskinstance.py:2613} INFO - Dependencies all met for dep_context=non-requeueable deps ti=<TaskInstance: candlestick_analysis.carregar_arquivo manual__2024-11-21T14:34:27.642530+00:00 [queued]>
[2024-11-21T14:40:17.581+0000] {taskinstance.py:2613} INFO - Dependencies all met for dep_context=requeueable deps ti=<TaskInstance: candlestick_analysis.carregar_arquivo manual__2024-11-21T14:34:27.642530+00:00 [queued]>
[2024-11-21T14:40:17.583+0000] {taskinstance.py:2866} INFO - Starting attempt 2 of 2
[2024-11-21T14:40:17.614+0000] {taskinstance.py:2889} INFO - Executing <Task(PythonOperator): carregar_arquivo> on 2024-11-21 14:34:27.642530+00:00
[2024-11-21T14:40:17.639+0000] {warnings.py:112} WARNING - /home/***/.local/lib/python3.12/site-packages/***/task/task_runner/standard_task_runner.py:70: DeprecationWarning: This process (pid=475) is multi-threaded, use of fork() may lead to deadlocks in the child.
  pid = os.fork()

[2024-11-21T14:40:17.641+0000] {standard_task_runner.py:72} INFO - Started process 491 to run task
[2024-11-21T14:40:17.641+0000] {standard_task_runner.py:104} INFO - Running: ['***', 'tasks', 'run', 'candlestick_analysis', 'carregar_arquivo', 'manual__2024-11-21T14:34:27.642530+00:00', '--job-id', '18', '--raw', '--subdir', 'DAGS_FOLDER/application.py', '--cfg-path', '/tmp/tmpych359f1']
[2024-11-21T14:40:17.644+0000] {standard_task_runner.py:105} INFO - Job 18: Subtask carregar_arquivo
[2024-11-21T14:40:17.727+0000] {task_command.py:467} INFO - Running <TaskInstance: candlestick_analysis.carregar_arquivo manual__2024-11-21T14:34:27.642530+00:00 [running]> on host 994bce40d7c0
[2024-11-21T14:40:17.874+0000] {taskinstance.py:3132} INFO - Exporting env vars: AIRFLOW_CTX_DAG_OWNER='***' AIRFLOW_CTX_DAG_ID='candlestick_analysis' AIRFLOW_CTX_TASK_ID='carregar_arquivo' AIRFLOW_CTX_EXECUTION_DATE='2024-11-21T14:34:27.642530+00:00' AIRFLOW_CTX_TRY_NUMBER='2' AIRFLOW_CTX_DAG_RUN_ID='manual__2024-11-21T14:34:27.642530+00:00'
[2024-11-21T14:40:17.876+0000] {logging_mixin.py:190} INFO - Task instance is in running state
[2024-11-21T14:40:17.877+0000] {logging_mixin.py:190} INFO -  Previous state of the Task instance: queued
[2024-11-21T14:40:17.878+0000] {logging_mixin.py:190} INFO - Current task name:carregar_arquivo state:running start_date:2024-11-21 14:40:17.568168+00:00
[2024-11-21T14:40:17.879+0000] {logging_mixin.py:190} INFO - Dag name:candlestick_analysis and current dag run status:running
[2024-11-21T14:40:17.880+0000] {taskinstance.py:731} INFO - ::endgroup::
[2024-11-21T14:40:18.792+0000] {python.py:240} INFO - Done. Returned value was: None
[2024-11-21T14:40:18.821+0000] {taskinstance.py:340} INFO - ::group::Post task execution logs
[2024-11-21T14:40:18.822+0000] {taskinstance.py:352} INFO - Marking task as SUCCESS. dag_id=candlestick_analysis, task_id=carregar_arquivo, run_id=manual__2024-11-21T14:34:27.642530+00:00, execution_date=20241121T143427, start_date=20241121T144017, end_date=20241121T144018
[2024-11-21T14:40:18.844+0000] {logging_mixin.py:190} INFO - Task instance in success state
[2024-11-21T14:40:18.845+0000] {logging_mixin.py:190} INFO -  Previous state of the Task instance: running
[2024-11-21T14:40:18.847+0000] {logging_mixin.py:190} INFO - Dag name:candlestick_analysis queued_at:2024-11-21 14:34:27.688485+00:00
[2024-11-21T14:40:18.848+0000] {logging_mixin.py:190} INFO - Task hostname:994bce40d7c0 operator:PythonOperator
[2024-11-21T14:40:18.903+0000] {local_task_job_runner.py:266} INFO - Task exited with return code 0
[2024-11-21T14:40:18.967+0000] {taskinstance.py:3895} INFO - 1 downstream tasks scheduled from follow-on schedule check
[2024-11-21T14:40:18.972+0000] {local_task_job_runner.py:245} INFO - ::endgroup::
