[2024-11-21T15:17:00.028+0000] {local_task_job_runner.py:123} INFO - ::group::Pre task execution logs
[2024-11-21T15:17:00.055+0000] {taskinstance.py:2613} INFO - Dependencies all met for dep_context=non-requeueable deps ti=<TaskInstance: candlestick_analysis.carregar_arquivo manual__2024-11-21T15:16:50.247465+00:00 [queued]>
[2024-11-21T15:17:00.067+0000] {taskinstance.py:2613} INFO - Dependencies all met for dep_context=requeueable deps ti=<TaskInstance: candlestick_analysis.carregar_arquivo manual__2024-11-21T15:16:50.247465+00:00 [queued]>
[2024-11-21T15:17:00.069+0000] {taskinstance.py:2866} INFO - Starting attempt 1 of 1
[2024-11-21T15:17:00.086+0000] {taskinstance.py:2889} INFO - Executing <Task(PythonOperator): carregar_arquivo> on 2024-11-21 15:16:50.247465+00:00
[2024-11-21T15:17:00.106+0000] {warnings.py:112} WARNING - /home/***/.local/lib/python3.12/site-packages/***/task/task_runner/standard_task_runner.py:70: DeprecationWarning: This process (pid=104) is multi-threaded, use of fork() may lead to deadlocks in the child.
  pid = os.fork()

[2024-11-21T15:17:00.109+0000] {standard_task_runner.py:72} INFO - Started process 120 to run task
[2024-11-21T15:17:00.108+0000] {standard_task_runner.py:104} INFO - Running: ['***', 'tasks', 'run', 'candlestick_analysis', 'carregar_arquivo', 'manual__2024-11-21T15:16:50.247465+00:00', '--job-id', '42', '--raw', '--subdir', 'DAGS_FOLDER/application.py', '--cfg-path', '/tmp/tmp3ihpdk0j']
[2024-11-21T15:17:00.112+0000] {standard_task_runner.py:105} INFO - Job 42: Subtask carregar_arquivo
[2024-11-21T15:17:00.207+0000] {task_command.py:467} INFO - Running <TaskInstance: candlestick_analysis.carregar_arquivo manual__2024-11-21T15:16:50.247465+00:00 [running]> on host c397a827dfef
[2024-11-21T15:17:00.420+0000] {taskinstance.py:3132} INFO - Exporting env vars: AIRFLOW_CTX_DAG_OWNER='***' AIRFLOW_CTX_DAG_ID='candlestick_analysis' AIRFLOW_CTX_TASK_ID='carregar_arquivo' AIRFLOW_CTX_EXECUTION_DATE='2024-11-21T15:16:50.247465+00:00' AIRFLOW_CTX_TRY_NUMBER='1' AIRFLOW_CTX_DAG_RUN_ID='manual__2024-11-21T15:16:50.247465+00:00'
[2024-11-21T15:17:00.425+0000] {logging_mixin.py:190} INFO - Task instance is in running state
[2024-11-21T15:17:00.426+0000] {logging_mixin.py:190} INFO -  Previous state of the Task instance: queued
[2024-11-21T15:17:00.427+0000] {logging_mixin.py:190} INFO - Current task name:carregar_arquivo state:running start_date:2024-11-21 15:17:00.056880+00:00
[2024-11-21T15:17:00.429+0000] {logging_mixin.py:190} INFO - Dag name:candlestick_analysis and current dag run status:running
[2024-11-21T15:17:00.430+0000] {taskinstance.py:731} INFO - ::endgroup::
[2024-11-21T15:17:01.543+0000] {python.py:240} INFO - Done. Returned value was: None
[2024-11-21T15:17:01.578+0000] {taskinstance.py:340} INFO - ::group::Post task execution logs
[2024-11-21T15:17:01.580+0000] {taskinstance.py:352} INFO - Marking task as SUCCESS. dag_id=candlestick_analysis, task_id=carregar_arquivo, run_id=manual__2024-11-21T15:16:50.247465+00:00, execution_date=20241121T151650, start_date=20241121T151700, end_date=20241121T151701
[2024-11-21T15:17:01.615+0000] {logging_mixin.py:190} INFO - Task instance in success state
[2024-11-21T15:17:01.617+0000] {logging_mixin.py:190} INFO -  Previous state of the Task instance: running
[2024-11-21T15:17:01.620+0000] {logging_mixin.py:190} INFO - Dag name:candlestick_analysis queued_at:2024-11-21 15:16:50.280035+00:00
[2024-11-21T15:17:01.622+0000] {logging_mixin.py:190} INFO - Task hostname:c397a827dfef operator:PythonOperator
[2024-11-21T15:17:01.692+0000] {local_task_job_runner.py:266} INFO - Task exited with return code 0
[2024-11-21T15:17:01.770+0000] {taskinstance.py:3895} INFO - 1 downstream tasks scheduled from follow-on schedule check
[2024-11-21T15:17:01.773+0000] {local_task_job_runner.py:245} INFO - ::endgroup::
