[2024-11-21T14:48:10.748+0000] {local_task_job_runner.py:123} INFO - ::group::Pre task execution logs
[2024-11-21T14:48:10.844+0000] {taskinstance.py:2613} INFO - Dependencies all met for dep_context=non-requeueable deps ti=<TaskInstance: candlestick_analysis.separar_candles manual__2024-11-21T14:42:51.920439+00:00 [queued]>
[2024-11-21T14:48:10.884+0000] {taskinstance.py:2613} INFO - Dependencies all met for dep_context=requeueable deps ti=<TaskInstance: candlestick_analysis.separar_candles manual__2024-11-21T14:42:51.920439+00:00 [queued]>
[2024-11-21T14:48:10.885+0000] {taskinstance.py:2866} INFO - Starting attempt 2 of 2
[2024-11-21T14:48:10.956+0000] {taskinstance.py:2889} INFO - Executing <Task(PythonOperator): separar_candles> on 2024-11-21 14:42:51.920439+00:00
[2024-11-21T14:48:11.003+0000] {warnings.py:112} WARNING - /home/***/.local/lib/python3.12/site-packages/***/task/task_runner/standard_task_runner.py:70: DeprecationWarning: This process (pid=651) is multi-threaded, use of fork() may lead to deadlocks in the child.
  pid = os.fork()

[2024-11-21T14:48:11.010+0000] {standard_task_runner.py:72} INFO - Started process 660 to run task
[2024-11-21T14:48:11.004+0000] {standard_task_runner.py:104} INFO - Running: ['***', 'tasks', 'run', 'candlestick_analysis', 'separar_candles', 'manual__2024-11-21T14:42:51.920439+00:00', '--job-id', '25', '--raw', '--subdir', 'DAGS_FOLDER/application.py', '--cfg-path', '/tmp/tmpuc5z03qz']
[2024-11-21T14:48:11.012+0000] {standard_task_runner.py:105} INFO - Job 25: Subtask separar_candles
[2024-11-21T14:48:21.697+0000] {cli_action_loggers.py:177} WARNING - Failed to log action (psycopg2.OperationalError) could not translate host name "postgres" to address: Temporary failure in name resolution

(Background on this error at: https://sqlalche.me/e/14/e3q8)
[2024-11-21T14:48:32.161+0000] {job.py:229} INFO - Heartbeat recovered after 21.58 seconds
[2024-11-21T14:48:32.229+0000] {task_command.py:467} INFO - Running <TaskInstance: candlestick_analysis.separar_candles manual__2024-11-21T14:42:51.920439+00:00 [running]> on host 994bce40d7c0
[2024-11-21T14:48:32.452+0000] {taskinstance.py:3132} INFO - Exporting env vars: AIRFLOW_CTX_DAG_OWNER='***' AIRFLOW_CTX_DAG_ID='candlestick_analysis' AIRFLOW_CTX_TASK_ID='separar_candles' AIRFLOW_CTX_EXECUTION_DATE='2024-11-21T14:42:51.920439+00:00' AIRFLOW_CTX_TRY_NUMBER='2' AIRFLOW_CTX_DAG_RUN_ID='manual__2024-11-21T14:42:51.920439+00:00'
[2024-11-21T14:48:32.457+0000] {logging_mixin.py:190} INFO - Task instance is in running state
[2024-11-21T14:48:32.460+0000] {logging_mixin.py:190} INFO -  Previous state of the Task instance: queued
[2024-11-21T14:48:32.462+0000] {logging_mixin.py:190} INFO - Current task name:separar_candles state:running start_date:2024-11-21 14:48:10.861172+00:00
[2024-11-21T14:48:32.467+0000] {logging_mixin.py:190} INFO - Dag name:candlestick_analysis and current dag run status:running
[2024-11-21T14:48:32.469+0000] {taskinstance.py:731} INFO - ::endgroup::
[2024-11-21T14:48:33.229+0000] {python.py:240} INFO - Done. Returned value was: None
[2024-11-21T14:48:33.254+0000] {taskinstance.py:340} INFO - ::group::Post task execution logs
[2024-11-21T14:48:33.256+0000] {taskinstance.py:352} INFO - Marking task as SUCCESS. dag_id=candlestick_analysis, task_id=separar_candles, run_id=manual__2024-11-21T14:42:51.920439+00:00, execution_date=20241121T144251, start_date=20241121T144810, end_date=20241121T144833
[2024-11-21T14:48:33.278+0000] {logging_mixin.py:190} INFO - Task instance in success state
[2024-11-21T14:48:33.279+0000] {logging_mixin.py:190} INFO -  Previous state of the Task instance: running
[2024-11-21T14:48:33.280+0000] {logging_mixin.py:190} INFO - Dag name:candlestick_analysis queued_at:2024-11-21 14:42:51.944376+00:00
[2024-11-21T14:48:33.281+0000] {logging_mixin.py:190} INFO - Task hostname:994bce40d7c0 operator:PythonOperator
[2024-11-21T14:48:33.344+0000] {local_task_job_runner.py:266} INFO - Task exited with return code 0
[2024-11-21T14:48:33.402+0000] {taskinstance.py:3895} INFO - 0 downstream tasks scheduled from follow-on schedule check
[2024-11-21T14:48:33.406+0000] {local_task_job_runner.py:245} INFO - ::endgroup::
