[2024-11-21T15:57:02.269+0000] {local_task_job_runner.py:123} INFO - ::group::Pre task execution logs
[2024-11-21T15:57:02.304+0000] {taskinstance.py:2613} INFO - Dependencies all met for dep_context=non-requeueable deps ti=<TaskInstance: candlestick_analysis.separar_candles manual__2024-11-21T15:56:35.747171+00:00 [queued]>
[2024-11-21T15:57:02.324+0000] {taskinstance.py:2613} INFO - Dependencies all met for dep_context=requeueable deps ti=<TaskInstance: candlestick_analysis.separar_candles manual__2024-11-21T15:56:35.747171+00:00 [queued]>
[2024-11-21T15:57:02.326+0000] {taskinstance.py:2866} INFO - Starting attempt 1 of 1
[2024-11-21T15:57:02.354+0000] {taskinstance.py:2889} INFO - Executing <Task(PythonOperator): separar_candles> on 2024-11-21 15:56:35.747171+00:00
[2024-11-21T15:57:02.377+0000] {warnings.py:112} WARNING - /home/***/.local/lib/python3.12/site-packages/***/task/task_runner/standard_task_runner.py:70: DeprecationWarning: This process (pid=127) is multi-threaded, use of fork() may lead to deadlocks in the child.
  pid = os.fork()

[2024-11-21T15:57:02.378+0000] {standard_task_runner.py:104} INFO - Running: ['***', 'tasks', 'run', 'candlestick_analysis', 'separar_candles', 'manual__2024-11-21T15:56:35.747171+00:00', '--job-id', '74', '--raw', '--subdir', 'DAGS_FOLDER/application.py', '--cfg-path', '/tmp/tmpuulnebwm']
[2024-11-21T15:57:02.382+0000] {standard_task_runner.py:72} INFO - Started process 136 to run task
[2024-11-21T15:57:02.383+0000] {standard_task_runner.py:105} INFO - Job 74: Subtask separar_candles
[2024-11-21T15:57:02.502+0000] {task_command.py:467} INFO - Running <TaskInstance: candlestick_analysis.separar_candles manual__2024-11-21T15:56:35.747171+00:00 [running]> on host 78acbad22b7d
[2024-11-21T15:57:02.708+0000] {taskinstance.py:3132} INFO - Exporting env vars: AIRFLOW_CTX_DAG_OWNER='***' AIRFLOW_CTX_DAG_ID='candlestick_analysis' AIRFLOW_CTX_TASK_ID='separar_candles' AIRFLOW_CTX_EXECUTION_DATE='2024-11-21T15:56:35.747171+00:00' AIRFLOW_CTX_TRY_NUMBER='1' AIRFLOW_CTX_DAG_RUN_ID='manual__2024-11-21T15:56:35.747171+00:00'
[2024-11-21T15:57:02.710+0000] {logging_mixin.py:190} INFO - Task instance is in running state
[2024-11-21T15:57:02.711+0000] {logging_mixin.py:190} INFO -  Previous state of the Task instance: queued
[2024-11-21T15:57:02.713+0000] {logging_mixin.py:190} INFO - Current task name:separar_candles state:running start_date:2024-11-21 15:57:02.305652+00:00
[2024-11-21T15:57:02.714+0000] {logging_mixin.py:190} INFO - Dag name:candlestick_analysis and current dag run status:running
[2024-11-21T15:57:02.715+0000] {taskinstance.py:731} INFO - ::endgroup::
[2024-11-21T15:57:02.910+0000] {python.py:240} INFO - Done. Returned value was: None
[2024-11-21T15:57:02.932+0000] {taskinstance.py:340} INFO - ::group::Post task execution logs
[2024-11-21T15:57:02.934+0000] {taskinstance.py:352} INFO - Marking task as SUCCESS. dag_id=candlestick_analysis, task_id=separar_candles, run_id=manual__2024-11-21T15:56:35.747171+00:00, execution_date=20241121T155635, start_date=20241121T155702, end_date=20241121T155702
[2024-11-21T15:57:02.958+0000] {logging_mixin.py:190} INFO - Task instance in success state
[2024-11-21T15:57:02.959+0000] {logging_mixin.py:190} INFO -  Previous state of the Task instance: running
[2024-11-21T15:57:02.960+0000] {logging_mixin.py:190} INFO - Dag name:candlestick_analysis queued_at:2024-11-21 15:56:35.809571+00:00
[2024-11-21T15:57:02.961+0000] {logging_mixin.py:190} INFO - Task hostname:78acbad22b7d operator:PythonOperator
[2024-11-21T15:57:03.006+0000] {local_task_job_runner.py:266} INFO - Task exited with return code 0
[2024-11-21T15:57:03.056+0000] {taskinstance.py:3895} INFO - 1 downstream tasks scheduled from follow-on schedule check
[2024-11-21T15:57:03.062+0000] {local_task_job_runner.py:245} INFO - ::endgroup::
