[2024-11-21T14:59:34.453+0000] {local_task_job_runner.py:123} INFO - ::group::Pre task execution logs
[2024-11-21T14:59:34.485+0000] {taskinstance.py:2613} INFO - Dependencies all met for dep_context=non-requeueable deps ti=<TaskInstance: candlestick_analysis.separar_candles manual__2024-11-21T14:59:10.481067+00:00 [queued]>
[2024-11-21T14:59:34.503+0000] {taskinstance.py:2613} INFO - Dependencies all met for dep_context=requeueable deps ti=<TaskInstance: candlestick_analysis.separar_candles manual__2024-11-21T14:59:10.481067+00:00 [queued]>
[2024-11-21T14:59:34.505+0000] {taskinstance.py:2866} INFO - Starting attempt 1 of 1
[2024-11-21T14:59:34.532+0000] {taskinstance.py:2889} INFO - Executing <Task(PythonOperator): separar_candles> on 2024-11-21 14:59:10.481067+00:00
[2024-11-21T14:59:34.554+0000] {warnings.py:112} WARNING - /home/***/.local/lib/python3.12/site-packages/***/task/task_runner/standard_task_runner.py:70: DeprecationWarning: This process (pid=960) is multi-threaded, use of fork() may lead to deadlocks in the child.
  pid = os.fork()

[2024-11-21T14:59:34.556+0000] {standard_task_runner.py:104} INFO - Running: ['***', 'tasks', 'run', 'candlestick_analysis', 'separar_candles', 'manual__2024-11-21T14:59:10.481067+00:00', '--job-id', '38', '--raw', '--subdir', 'DAGS_FOLDER/application.py', '--cfg-path', '/tmp/tmpt3h28096']
[2024-11-21T14:59:34.573+0000] {standard_task_runner.py:72} INFO - Started process 969 to run task
[2024-11-21T14:59:34.573+0000] {standard_task_runner.py:105} INFO - Job 38: Subtask separar_candles
[2024-11-21T14:59:34.684+0000] {task_command.py:467} INFO - Running <TaskInstance: candlestick_analysis.separar_candles manual__2024-11-21T14:59:10.481067+00:00 [running]> on host 994bce40d7c0
[2024-11-21T14:59:34.829+0000] {taskinstance.py:3132} INFO - Exporting env vars: AIRFLOW_CTX_DAG_OWNER='***' AIRFLOW_CTX_DAG_ID='candlestick_analysis' AIRFLOW_CTX_TASK_ID='separar_candles' AIRFLOW_CTX_EXECUTION_DATE='2024-11-21T14:59:10.481067+00:00' AIRFLOW_CTX_TRY_NUMBER='1' AIRFLOW_CTX_DAG_RUN_ID='manual__2024-11-21T14:59:10.481067+00:00'
[2024-11-21T14:59:34.831+0000] {logging_mixin.py:190} INFO - Task instance is in running state
[2024-11-21T14:59:34.832+0000] {logging_mixin.py:190} INFO -  Previous state of the Task instance: queued
[2024-11-21T14:59:34.833+0000] {logging_mixin.py:190} INFO - Current task name:separar_candles state:running start_date:2024-11-21 14:59:34.486386+00:00
[2024-11-21T14:59:34.833+0000] {logging_mixin.py:190} INFO - Dag name:candlestick_analysis and current dag run status:running
[2024-11-21T14:59:34.834+0000] {taskinstance.py:731} INFO - ::endgroup::
[2024-11-21T14:59:35.378+0000] {python.py:240} INFO - Done. Returned value was: None
[2024-11-21T14:59:35.393+0000] {taskinstance.py:340} INFO - ::group::Post task execution logs
[2024-11-21T14:59:35.394+0000] {taskinstance.py:352} INFO - Marking task as SUCCESS. dag_id=candlestick_analysis, task_id=separar_candles, run_id=manual__2024-11-21T14:59:10.481067+00:00, execution_date=20241121T145910, start_date=20241121T145934, end_date=20241121T145935
[2024-11-21T14:59:35.410+0000] {logging_mixin.py:190} INFO - Task instance in success state
[2024-11-21T14:59:35.411+0000] {logging_mixin.py:190} INFO -  Previous state of the Task instance: running
[2024-11-21T14:59:35.412+0000] {logging_mixin.py:190} INFO - Dag name:candlestick_analysis queued_at:2024-11-21 14:59:10.503265+00:00
[2024-11-21T14:59:35.413+0000] {logging_mixin.py:190} INFO - Task hostname:994bce40d7c0 operator:PythonOperator
[2024-11-21T14:59:35.478+0000] {local_task_job_runner.py:266} INFO - Task exited with return code 0
[2024-11-21T14:59:35.517+0000] {taskinstance.py:3895} INFO - 1 downstream tasks scheduled from follow-on schedule check
[2024-11-21T14:59:35.520+0000] {local_task_job_runner.py:245} INFO - ::endgroup::
