[2024-11-21T14:31:20.709+0000] {local_task_job_runner.py:123} INFO - ::group::Pre task execution logs
[2024-11-21T14:31:20.735+0000] {taskinstance.py:2613} INFO - Dependencies all met for dep_context=non-requeueable deps ti=<TaskInstance: candlestick_analysis.carregar_arquivo manual__2024-11-21T14:31:14.216766+00:00 [queued]>
[2024-11-21T14:31:20.755+0000] {taskinstance.py:2613} INFO - Dependencies all met for dep_context=requeueable deps ti=<TaskInstance: candlestick_analysis.carregar_arquivo manual__2024-11-21T14:31:14.216766+00:00 [queued]>
[2024-11-21T14:31:20.757+0000] {taskinstance.py:2866} INFO - Starting attempt 1 of 2
[2024-11-21T14:31:20.782+0000] {taskinstance.py:2889} INFO - Executing <Task(PythonOperator): carregar_arquivo> on 2024-11-21 14:31:14.216766+00:00
[2024-11-21T14:31:20.808+0000] {warnings.py:112} WARNING - /home/***/.local/lib/python3.12/site-packages/***/task/task_runner/standard_task_runner.py:70: DeprecationWarning: This process (pid=299) is multi-threaded, use of fork() may lead to deadlocks in the child.
  pid = os.fork()

[2024-11-21T14:31:20.811+0000] {standard_task_runner.py:72} INFO - Started process 308 to run task
[2024-11-21T14:31:20.811+0000] {standard_task_runner.py:104} INFO - Running: ['***', 'tasks', 'run', 'candlestick_analysis', 'carregar_arquivo', 'manual__2024-11-21T14:31:14.216766+00:00', '--job-id', '11', '--raw', '--subdir', 'DAGS_FOLDER/application.py', '--cfg-path', '/tmp/tmpkn18bcrj']
[2024-11-21T14:31:20.815+0000] {standard_task_runner.py:105} INFO - Job 11: Subtask carregar_arquivo
[2024-11-21T14:31:20.904+0000] {task_command.py:467} INFO - Running <TaskInstance: candlestick_analysis.carregar_arquivo manual__2024-11-21T14:31:14.216766+00:00 [running]> on host 994bce40d7c0
[2024-11-21T14:31:21.013+0000] {taskinstance.py:3132} INFO - Exporting env vars: AIRFLOW_CTX_DAG_OWNER='***' AIRFLOW_CTX_DAG_ID='candlestick_analysis' AIRFLOW_CTX_TASK_ID='carregar_arquivo' AIRFLOW_CTX_EXECUTION_DATE='2024-11-21T14:31:14.216766+00:00' AIRFLOW_CTX_TRY_NUMBER='1' AIRFLOW_CTX_DAG_RUN_ID='manual__2024-11-21T14:31:14.216766+00:00'
[2024-11-21T14:31:21.016+0000] {logging_mixin.py:190} INFO - Task instance is in running state
[2024-11-21T14:31:21.017+0000] {logging_mixin.py:190} INFO -  Previous state of the Task instance: queued
[2024-11-21T14:31:21.018+0000] {logging_mixin.py:190} INFO - Current task name:carregar_arquivo state:running start_date:2024-11-21 14:31:20.736847+00:00
[2024-11-21T14:31:21.019+0000] {logging_mixin.py:190} INFO - Dag name:candlestick_analysis and current dag run status:running
[2024-11-21T14:31:21.020+0000] {taskinstance.py:731} INFO - ::endgroup::
[2024-11-21T14:31:22.094+0000] {python.py:240} INFO - Done. Returned value was: None
[2024-11-21T14:31:22.113+0000] {taskinstance.py:340} INFO - ::group::Post task execution logs
[2024-11-21T14:31:22.114+0000] {taskinstance.py:352} INFO - Marking task as SUCCESS. dag_id=candlestick_analysis, task_id=carregar_arquivo, run_id=manual__2024-11-21T14:31:14.216766+00:00, execution_date=20241121T143114, start_date=20241121T143120, end_date=20241121T143122
[2024-11-21T14:31:22.137+0000] {logging_mixin.py:190} INFO - Task instance in success state
[2024-11-21T14:31:22.138+0000] {logging_mixin.py:190} INFO -  Previous state of the Task instance: running
[2024-11-21T14:31:22.139+0000] {logging_mixin.py:190} INFO - Dag name:candlestick_analysis queued_at:2024-11-21 14:31:14.233529+00:00
[2024-11-21T14:31:22.140+0000] {logging_mixin.py:190} INFO - Task hostname:994bce40d7c0 operator:PythonOperator
[2024-11-21T14:31:22.194+0000] {local_task_job_runner.py:266} INFO - Task exited with return code 0
[2024-11-21T14:31:22.237+0000] {taskinstance.py:3895} INFO - 1 downstream tasks scheduled from follow-on schedule check
[2024-11-21T14:31:22.239+0000] {local_task_job_runner.py:245} INFO - ::endgroup::
