[2024-11-21T15:31:16.403+0000] {local_task_job_runner.py:123} INFO - ::group::Pre task execution logs
[2024-11-21T15:31:16.431+0000] {taskinstance.py:2613} INFO - Dependencies all met for dep_context=non-requeueable deps ti=<TaskInstance: candlestick_analysis.separar_candles manual__2024-11-21T15:30:26.803509+00:00 [queued]>
[2024-11-21T15:31:16.447+0000] {taskinstance.py:2613} INFO - Dependencies all met for dep_context=requeueable deps ti=<TaskInstance: candlestick_analysis.separar_candles manual__2024-11-21T15:30:26.803509+00:00 [queued]>
[2024-11-21T15:31:16.449+0000] {taskinstance.py:2866} INFO - Starting attempt 1 of 1
[2024-11-21T15:31:16.468+0000] {taskinstance.py:2889} INFO - Executing <Task(PythonOperator): separar_candles> on 2024-11-21 15:30:26.803509+00:00
[2024-11-21T15:31:16.485+0000] {warnings.py:112} WARNING - /home/***/.local/lib/python3.12/site-packages/***/task/task_runner/standard_task_runner.py:70: DeprecationWarning: This process (pid=510) is multi-threaded, use of fork() may lead to deadlocks in the child.
  pid = os.fork()

[2024-11-21T15:31:16.487+0000] {standard_task_runner.py:72} INFO - Started process 519 to run task
[2024-11-21T15:31:16.486+0000] {standard_task_runner.py:104} INFO - Running: ['***', 'tasks', 'run', 'candlestick_analysis', 'separar_candles', 'manual__2024-11-21T15:30:26.803509+00:00', '--job-id', '56', '--raw', '--subdir', 'DAGS_FOLDER/application.py', '--cfg-path', '/tmp/tmpb2hzuswl']
[2024-11-21T15:31:16.490+0000] {standard_task_runner.py:105} INFO - Job 56: Subtask separar_candles
[2024-11-21T15:31:16.569+0000] {task_command.py:467} INFO - Running <TaskInstance: candlestick_analysis.separar_candles manual__2024-11-21T15:30:26.803509+00:00 [running]> on host c397a827dfef
[2024-11-21T15:31:16.723+0000] {taskinstance.py:3132} INFO - Exporting env vars: AIRFLOW_CTX_DAG_OWNER='***' AIRFLOW_CTX_DAG_ID='candlestick_analysis' AIRFLOW_CTX_TASK_ID='separar_candles' AIRFLOW_CTX_EXECUTION_DATE='2024-11-21T15:30:26.803509+00:00' AIRFLOW_CTX_TRY_NUMBER='1' AIRFLOW_CTX_DAG_RUN_ID='manual__2024-11-21T15:30:26.803509+00:00'
[2024-11-21T15:31:16.725+0000] {logging_mixin.py:190} INFO - Task instance is in running state
[2024-11-21T15:31:16.727+0000] {logging_mixin.py:190} INFO -  Previous state of the Task instance: queued
[2024-11-21T15:31:16.728+0000] {logging_mixin.py:190} INFO - Current task name:separar_candles state:running start_date:2024-11-21 15:31:16.432510+00:00
[2024-11-21T15:31:16.729+0000] {logging_mixin.py:190} INFO - Dag name:candlestick_analysis and current dag run status:running
[2024-11-21T15:31:16.731+0000] {taskinstance.py:731} INFO - ::endgroup::
[2024-11-21T15:31:17.402+0000] {python.py:240} INFO - Done. Returned value was: None
[2024-11-21T15:31:39.858+0000] {taskinstance.py:340} INFO - ::group::Post task execution logs
[2024-11-21T15:31:39.863+0000] {taskinstance.py:352} INFO - Marking task as SUCCESS. dag_id=candlestick_analysis, task_id=separar_candles, run_id=manual__2024-11-21T15:30:26.803509+00:00, execution_date=20241121T153026, start_date=20241121T153116, end_date=20241121T153139
[2024-11-21T15:31:39.870+0000] {job.py:229} INFO - Heartbeat recovered after 23.56 seconds
[2024-11-21T15:31:39.894+0000] {logging_mixin.py:190} INFO - Task instance in success state
[2024-11-21T15:31:39.895+0000] {logging_mixin.py:190} INFO -  Previous state of the Task instance: running
[2024-11-21T15:31:39.897+0000] {logging_mixin.py:190} INFO - Dag name:candlestick_analysis queued_at:2024-11-21 15:30:26.872036+00:00
[2024-11-21T15:31:39.898+0000] {logging_mixin.py:190} INFO - Task hostname:c397a827dfef operator:PythonOperator
[2024-11-21T15:31:39.973+0000] {local_task_job_runner.py:266} INFO - Task exited with return code 0
[2024-11-21T15:31:40.021+0000] {taskinstance.py:3895} INFO - 1 downstream tasks scheduled from follow-on schedule check
[2024-11-21T15:31:40.024+0000] {local_task_job_runner.py:245} INFO - ::endgroup::
