[2024-11-21T19:04:20.845+0000] {local_task_job_runner.py:123} INFO - ::group::Pre task execution logs
[2024-11-21T19:04:20.892+0000] {taskinstance.py:2613} INFO - Dependencies all met for dep_context=non-requeueable deps ti=<TaskInstance: candlestick_analysis.carregar_arquivo manual__2024-11-21T19:04:08.302895+00:00 [queued]>
[2024-11-21T19:04:20.913+0000] {taskinstance.py:2613} INFO - Dependencies all met for dep_context=requeueable deps ti=<TaskInstance: candlestick_analysis.carregar_arquivo manual__2024-11-21T19:04:08.302895+00:00 [queued]>
[2024-11-21T19:04:20.914+0000] {taskinstance.py:2866} INFO - Starting attempt 1 of 1
[2024-11-21T19:04:20.954+0000] {taskinstance.py:2889} INFO - Executing <Task(PythonOperator): carregar_arquivo> on 2024-11-21 19:04:08.302895+00:00
[2024-11-21T19:04:20.988+0000] {warnings.py:112} WARNING - /home/***/.local/lib/python3.12/site-packages/***/task/task_runner/standard_task_runner.py:70: DeprecationWarning: This process (pid=1834) is multi-threaded, use of fork() may lead to deadlocks in the child.
  pid = os.fork()

[2024-11-21T19:04:20.993+0000] {standard_task_runner.py:72} INFO - Started process 1854 to run task
[2024-11-21T19:04:20.990+0000] {standard_task_runner.py:104} INFO - Running: ['***', 'tasks', 'run', 'candlestick_analysis', 'carregar_arquivo', 'manual__2024-11-21T19:04:08.302895+00:00', '--job-id', '86', '--raw', '--subdir', 'DAGS_FOLDER/application.py', '--cfg-path', '/tmp/tmpjyjko0db']
[2024-11-21T19:04:20.997+0000] {standard_task_runner.py:105} INFO - Job 86: Subtask carregar_arquivo
[2024-11-21T19:04:21.138+0000] {task_command.py:467} INFO - Running <TaskInstance: candlestick_analysis.carregar_arquivo manual__2024-11-21T19:04:08.302895+00:00 [running]> on host 78acbad22b7d
[2024-11-21T19:04:21.378+0000] {taskinstance.py:3132} INFO - Exporting env vars: AIRFLOW_CTX_DAG_OWNER='***' AIRFLOW_CTX_DAG_ID='candlestick_analysis' AIRFLOW_CTX_TASK_ID='carregar_arquivo' AIRFLOW_CTX_EXECUTION_DATE='2024-11-21T19:04:08.302895+00:00' AIRFLOW_CTX_TRY_NUMBER='1' AIRFLOW_CTX_DAG_RUN_ID='manual__2024-11-21T19:04:08.302895+00:00'
[2024-11-21T19:04:21.382+0000] {logging_mixin.py:190} INFO - Task instance is in running state
[2024-11-21T19:04:21.383+0000] {logging_mixin.py:190} INFO -  Previous state of the Task instance: queued
[2024-11-21T19:04:21.384+0000] {logging_mixin.py:190} INFO - Current task name:carregar_arquivo state:running start_date:2024-11-21 19:04:20.894399+00:00
[2024-11-21T19:04:21.385+0000] {logging_mixin.py:190} INFO - Dag name:candlestick_analysis and current dag run status:running
[2024-11-21T19:04:21.387+0000] {taskinstance.py:731} INFO - ::endgroup::
[2024-11-21T19:04:23.238+0000] {python.py:240} INFO - Done. Returned value was: None
[2024-11-21T19:04:23.261+0000] {taskinstance.py:340} INFO - ::group::Post task execution logs
[2024-11-21T19:04:23.263+0000] {taskinstance.py:352} INFO - Marking task as SUCCESS. dag_id=candlestick_analysis, task_id=carregar_arquivo, run_id=manual__2024-11-21T19:04:08.302895+00:00, execution_date=20241121T190408, start_date=20241121T190420, end_date=20241121T190423
[2024-11-21T19:04:23.285+0000] {logging_mixin.py:190} INFO - Task instance in success state
[2024-11-21T19:04:23.286+0000] {logging_mixin.py:190} INFO -  Previous state of the Task instance: running
[2024-11-21T19:04:23.287+0000] {logging_mixin.py:190} INFO - Dag name:candlestick_analysis queued_at:2024-11-21 19:04:08.332228+00:00
[2024-11-21T19:04:23.288+0000] {logging_mixin.py:190} INFO - Task hostname:78acbad22b7d operator:PythonOperator
[2024-11-21T19:04:23.350+0000] {local_task_job_runner.py:266} INFO - Task exited with return code 0
[2024-11-21T19:04:23.401+0000] {taskinstance.py:3895} INFO - 1 downstream tasks scheduled from follow-on schedule check
[2024-11-21T19:04:23.406+0000] {local_task_job_runner.py:245} INFO - ::endgroup::
