[2024-11-21T19:04:31.497+0000] {local_task_job_runner.py:123} INFO - ::group::Pre task execution logs
[2024-11-21T19:04:31.533+0000] {taskinstance.py:2613} INFO - Dependencies all met for dep_context=non-requeueable deps ti=<TaskInstance: candlestick_analysis.separar_candles manual__2024-11-21T19:04:08.302895+00:00 [queued]>
[2024-11-21T19:04:31.552+0000] {taskinstance.py:2613} INFO - Dependencies all met for dep_context=requeueable deps ti=<TaskInstance: candlestick_analysis.separar_candles manual__2024-11-21T19:04:08.302895+00:00 [queued]>
[2024-11-21T19:04:31.553+0000] {taskinstance.py:2866} INFO - Starting attempt 1 of 1
[2024-11-21T19:04:31.585+0000] {taskinstance.py:2889} INFO - Executing <Task(PythonOperator): separar_candles> on 2024-11-21 19:04:08.302895+00:00
[2024-11-21T19:04:31.607+0000] {warnings.py:112} WARNING - /home/***/.local/lib/python3.12/site-packages/***/task/task_runner/standard_task_runner.py:70: DeprecationWarning: This process (pid=1877) is multi-threaded, use of fork() may lead to deadlocks in the child.
  pid = os.fork()

[2024-11-21T19:04:31.611+0000] {standard_task_runner.py:72} INFO - Started process 1895 to run task
[2024-11-21T19:04:31.612+0000] {standard_task_runner.py:104} INFO - Running: ['***', 'tasks', 'run', 'candlestick_analysis', 'separar_candles', 'manual__2024-11-21T19:04:08.302895+00:00', '--job-id', '87', '--raw', '--subdir', 'DAGS_FOLDER/application.py', '--cfg-path', '/tmp/tmpwyx6zrzy']
[2024-11-21T19:04:31.617+0000] {standard_task_runner.py:105} INFO - Job 87: Subtask separar_candles
[2024-11-21T19:04:31.755+0000] {task_command.py:467} INFO - Running <TaskInstance: candlestick_analysis.separar_candles manual__2024-11-21T19:04:08.302895+00:00 [running]> on host 78acbad22b7d
[2024-11-21T19:04:31.943+0000] {taskinstance.py:3132} INFO - Exporting env vars: AIRFLOW_CTX_DAG_OWNER='***' AIRFLOW_CTX_DAG_ID='candlestick_analysis' AIRFLOW_CTX_TASK_ID='separar_candles' AIRFLOW_CTX_EXECUTION_DATE='2024-11-21T19:04:08.302895+00:00' AIRFLOW_CTX_TRY_NUMBER='1' AIRFLOW_CTX_DAG_RUN_ID='manual__2024-11-21T19:04:08.302895+00:00'
[2024-11-21T19:04:31.946+0000] {logging_mixin.py:190} INFO - Task instance is in running state
[2024-11-21T19:04:31.947+0000] {logging_mixin.py:190} INFO -  Previous state of the Task instance: queued
[2024-11-21T19:04:31.948+0000] {logging_mixin.py:190} INFO - Current task name:separar_candles state:running start_date:2024-11-21 19:04:31.534233+00:00
[2024-11-21T19:04:31.949+0000] {logging_mixin.py:190} INFO - Dag name:candlestick_analysis and current dag run status:running
[2024-11-21T19:04:31.951+0000] {taskinstance.py:731} INFO - ::endgroup::
[2024-11-21T19:04:32.159+0000] {python.py:240} INFO - Done. Returned value was: None
[2024-11-21T19:04:32.180+0000] {taskinstance.py:340} INFO - ::group::Post task execution logs
[2024-11-21T19:04:32.182+0000] {taskinstance.py:352} INFO - Marking task as SUCCESS. dag_id=candlestick_analysis, task_id=separar_candles, run_id=manual__2024-11-21T19:04:08.302895+00:00, execution_date=20241121T190408, start_date=20241121T190431, end_date=20241121T190432
[2024-11-21T19:04:32.207+0000] {logging_mixin.py:190} INFO - Task instance in success state
[2024-11-21T19:04:32.208+0000] {logging_mixin.py:190} INFO -  Previous state of the Task instance: running
[2024-11-21T19:04:32.210+0000] {logging_mixin.py:190} INFO - Dag name:candlestick_analysis queued_at:2024-11-21 19:04:08.332228+00:00
[2024-11-21T19:04:32.211+0000] {logging_mixin.py:190} INFO - Task hostname:78acbad22b7d operator:PythonOperator
[2024-11-21T19:04:32.271+0000] {local_task_job_runner.py:266} INFO - Task exited with return code 0
[2024-11-21T19:04:32.322+0000] {taskinstance.py:3895} INFO - 1 downstream tasks scheduled from follow-on schedule check
[2024-11-21T19:04:32.329+0000] {local_task_job_runner.py:245} INFO - ::endgroup::
