[2024-11-21T14:49:01.747+0000] {local_task_job_runner.py:123} INFO - ::group::Pre task execution logs
[2024-11-21T14:49:01.774+0000] {taskinstance.py:2613} INFO - Dependencies all met for dep_context=non-requeueable deps ti=<TaskInstance: candlestick_analysis.clusterizar_candles manual__2024-11-21T14:42:51.920439+00:00 [queued]>
[2024-11-21T14:49:01.788+0000] {taskinstance.py:2613} INFO - Dependencies all met for dep_context=requeueable deps ti=<TaskInstance: candlestick_analysis.clusterizar_candles manual__2024-11-21T14:42:51.920439+00:00 [queued]>
[2024-11-21T14:49:01.789+0000] {taskinstance.py:2866} INFO - Starting attempt 1 of 2
[2024-11-21T14:49:01.807+0000] {taskinstance.py:2889} INFO - Executing <Task(PythonOperator): clusterizar_candles> on 2024-11-21 14:42:51.920439+00:00
[2024-11-21T14:49:01.825+0000] {warnings.py:112} WARNING - /home/***/.local/lib/python3.12/site-packages/***/task/task_runner/standard_task_runner.py:70: DeprecationWarning: This process (pid=663) is multi-threaded, use of fork() may lead to deadlocks in the child.
  pid = os.fork()

[2024-11-21T14:49:01.827+0000] {standard_task_runner.py:72} INFO - Started process 672 to run task
[2024-11-21T14:49:01.826+0000] {standard_task_runner.py:104} INFO - Running: ['***', 'tasks', 'run', 'candlestick_analysis', 'clusterizar_candles', 'manual__2024-11-21T14:42:51.920439+00:00', '--job-id', '26', '--raw', '--subdir', 'DAGS_FOLDER/application.py', '--cfg-path', '/tmp/tmpf7ch980_']
[2024-11-21T14:49:01.829+0000] {standard_task_runner.py:105} INFO - Job 26: Subtask clusterizar_candles
[2024-11-21T14:49:01.906+0000] {task_command.py:467} INFO - Running <TaskInstance: candlestick_analysis.clusterizar_candles manual__2024-11-21T14:42:51.920439+00:00 [running]> on host 994bce40d7c0
[2024-11-21T14:49:02.032+0000] {taskinstance.py:3132} INFO - Exporting env vars: AIRFLOW_CTX_DAG_OWNER='***' AIRFLOW_CTX_DAG_ID='candlestick_analysis' AIRFLOW_CTX_TASK_ID='clusterizar_candles' AIRFLOW_CTX_EXECUTION_DATE='2024-11-21T14:42:51.920439+00:00' AIRFLOW_CTX_TRY_NUMBER='1' AIRFLOW_CTX_DAG_RUN_ID='manual__2024-11-21T14:42:51.920439+00:00'
[2024-11-21T14:49:02.034+0000] {logging_mixin.py:190} INFO - Task instance is in running state
[2024-11-21T14:49:02.034+0000] {logging_mixin.py:190} INFO -  Previous state of the Task instance: queued
[2024-11-21T14:49:02.035+0000] {logging_mixin.py:190} INFO - Current task name:clusterizar_candles state:running start_date:2024-11-21 14:49:01.775436+00:00
[2024-11-21T14:49:02.038+0000] {logging_mixin.py:190} INFO - Dag name:candlestick_analysis and current dag run status:running
[2024-11-21T14:49:02.039+0000] {taskinstance.py:731} INFO - ::endgroup::
[2024-11-21T14:49:04.048+0000] {local_task_job_runner.py:266} INFO - Task exited with return code -9. For more information, see https://***.apache.org/docs/apache-***/stable/troubleshooting.html#LocalTaskJob-killed
[2024-11-21T14:49:04.316+0000] {taskinstance.py:3895} INFO - 0 downstream tasks scheduled from follow-on schedule check
[2024-11-21T14:49:04.320+0000] {local_task_job_runner.py:245} INFO - ::endgroup::
