[2024-11-21T14:49:49.240+0000] {local_task_job_runner.py:123} INFO - ::group::Pre task execution logs
[2024-11-21T14:49:49.265+0000] {taskinstance.py:2613} INFO - Dependencies all met for dep_context=non-requeueable deps ti=<TaskInstance: candlestick_analysis.carregar_arquivo manual__2024-11-21T14:49:43.816806+00:00 [queued]>
[2024-11-21T14:49:49.276+0000] {taskinstance.py:2613} INFO - Dependencies all met for dep_context=requeueable deps ti=<TaskInstance: candlestick_analysis.carregar_arquivo manual__2024-11-21T14:49:43.816806+00:00 [queued]>
[2024-11-21T14:49:49.277+0000] {taskinstance.py:2866} INFO - Starting attempt 1 of 2
[2024-11-21T14:49:49.294+0000] {taskinstance.py:2889} INFO - Executing <Task(PythonOperator): carregar_arquivo> on 2024-11-21 14:49:43.816806+00:00
[2024-11-21T14:49:49.309+0000] {warnings.py:112} WARNING - /home/***/.local/lib/python3.12/site-packages/***/task/task_runner/standard_task_runner.py:70: DeprecationWarning: This process (pid=707) is multi-threaded, use of fork() may lead to deadlocks in the child.
  pid = os.fork()

[2024-11-21T14:49:49.312+0000] {standard_task_runner.py:72} INFO - Started process 716 to run task
[2024-11-21T14:49:49.310+0000] {standard_task_runner.py:104} INFO - Running: ['***', 'tasks', 'run', 'candlestick_analysis', 'carregar_arquivo', 'manual__2024-11-21T14:49:43.816806+00:00', '--job-id', '27', '--raw', '--subdir', 'DAGS_FOLDER/application.py', '--cfg-path', '/tmp/tmp8kazkike']
[2024-11-21T14:49:49.313+0000] {standard_task_runner.py:105} INFO - Job 27: Subtask carregar_arquivo
[2024-11-21T14:49:49.377+0000] {task_command.py:467} INFO - Running <TaskInstance: candlestick_analysis.carregar_arquivo manual__2024-11-21T14:49:43.816806+00:00 [running]> on host 994bce40d7c0
[2024-11-21T14:49:49.484+0000] {taskinstance.py:3132} INFO - Exporting env vars: AIRFLOW_CTX_DAG_OWNER='***' AIRFLOW_CTX_DAG_ID='candlestick_analysis' AIRFLOW_CTX_TASK_ID='carregar_arquivo' AIRFLOW_CTX_EXECUTION_DATE='2024-11-21T14:49:43.816806+00:00' AIRFLOW_CTX_TRY_NUMBER='1' AIRFLOW_CTX_DAG_RUN_ID='manual__2024-11-21T14:49:43.816806+00:00'
[2024-11-21T14:49:49.486+0000] {logging_mixin.py:190} INFO - Task instance is in running state
[2024-11-21T14:49:49.487+0000] {logging_mixin.py:190} INFO -  Previous state of the Task instance: queued
[2024-11-21T14:49:49.488+0000] {logging_mixin.py:190} INFO - Current task name:carregar_arquivo state:running start_date:2024-11-21 14:49:49.265849+00:00
[2024-11-21T14:49:49.489+0000] {logging_mixin.py:190} INFO - Dag name:candlestick_analysis and current dag run status:running
[2024-11-21T14:49:49.490+0000] {taskinstance.py:731} INFO - ::endgroup::
[2024-11-21T14:49:50.239+0000] {python.py:240} INFO - Done. Returned value was: None
[2024-11-21T14:49:50.254+0000] {taskinstance.py:340} INFO - ::group::Post task execution logs
[2024-11-21T14:49:50.255+0000] {taskinstance.py:352} INFO - Marking task as SUCCESS. dag_id=candlestick_analysis, task_id=carregar_arquivo, run_id=manual__2024-11-21T14:49:43.816806+00:00, execution_date=20241121T144943, start_date=20241121T144949, end_date=20241121T144950
[2024-11-21T14:49:50.272+0000] {logging_mixin.py:190} INFO - Task instance in success state
[2024-11-21T14:49:50.273+0000] {logging_mixin.py:190} INFO -  Previous state of the Task instance: running
[2024-11-21T14:49:50.274+0000] {logging_mixin.py:190} INFO - Dag name:candlestick_analysis queued_at:2024-11-21 14:49:43.850219+00:00
[2024-11-21T14:49:50.274+0000] {logging_mixin.py:190} INFO - Task hostname:994bce40d7c0 operator:PythonOperator
[2024-11-21T14:49:50.293+0000] {local_task_job_runner.py:266} INFO - Task exited with return code 0
[2024-11-21T14:49:50.327+0000] {taskinstance.py:3895} INFO - 1 downstream tasks scheduled from follow-on schedule check
[2024-11-21T14:49:50.329+0000] {local_task_job_runner.py:245} INFO - ::endgroup::
