[2024-11-21T19:04:20.854+0000] {local_task_job_runner.py:123} INFO - ::group::Pre task execution logs
[2024-11-21T19:04:20.903+0000] {taskinstance.py:2613} INFO - Dependencies all met for dep_context=non-requeueable deps ti=<TaskInstance: candlestick_analysis.clusterizar_candles manual__2024-11-21T19:03:48.637425+00:00 [queued]>
[2024-11-21T19:04:20.929+0000] {taskinstance.py:2613} INFO - Dependencies all met for dep_context=requeueable deps ti=<TaskInstance: candlestick_analysis.clusterizar_candles manual__2024-11-21T19:03:48.637425+00:00 [queued]>
[2024-11-21T19:04:20.935+0000] {taskinstance.py:2866} INFO - Starting attempt 1 of 1
[2024-11-21T19:04:20.982+0000] {taskinstance.py:2889} INFO - Executing <Task(PythonOperator): clusterizar_candles> on 2024-11-21 19:03:48.637425+00:00
[2024-11-21T19:04:21.017+0000] {warnings.py:112} WARNING - /home/***/.local/lib/python3.12/site-packages/***/task/task_runner/standard_task_runner.py:70: DeprecationWarning: This process (pid=1845) is multi-threaded, use of fork() may lead to deadlocks in the child.
  pid = os.fork()

[2024-11-21T19:04:21.021+0000] {standard_task_runner.py:72} INFO - Started process 1856 to run task
[2024-11-21T19:04:21.029+0000] {standard_task_runner.py:104} INFO - Running: ['***', 'tasks', 'run', 'candlestick_analysis', 'clusterizar_candles', 'manual__2024-11-21T19:03:48.637425+00:00', '--job-id', '85', '--raw', '--subdir', 'DAGS_FOLDER/application.py', '--cfg-path', '/tmp/tmp1reolwml']
[2024-11-21T19:04:21.035+0000] {standard_task_runner.py:105} INFO - Job 85: Subtask clusterizar_candles
[2024-11-21T19:04:21.171+0000] {task_command.py:467} INFO - Running <TaskInstance: candlestick_analysis.clusterizar_candles manual__2024-11-21T19:03:48.637425+00:00 [running]> on host 78acbad22b7d
[2024-11-21T19:04:21.417+0000] {taskinstance.py:3132} INFO - Exporting env vars: AIRFLOW_CTX_DAG_OWNER='***' AIRFLOW_CTX_DAG_ID='candlestick_analysis' AIRFLOW_CTX_TASK_ID='clusterizar_candles' AIRFLOW_CTX_EXECUTION_DATE='2024-11-21T19:03:48.637425+00:00' AIRFLOW_CTX_TRY_NUMBER='1' AIRFLOW_CTX_DAG_RUN_ID='manual__2024-11-21T19:03:48.637425+00:00'
[2024-11-21T19:04:21.420+0000] {logging_mixin.py:190} INFO - Task instance is in running state
[2024-11-21T19:04:21.421+0000] {logging_mixin.py:190} INFO -  Previous state of the Task instance: queued
[2024-11-21T19:04:21.422+0000] {logging_mixin.py:190} INFO - Current task name:clusterizar_candles state:running start_date:2024-11-21 19:04:20.905228+00:00
[2024-11-21T19:04:21.424+0000] {logging_mixin.py:190} INFO - Dag name:candlestick_analysis and current dag run status:running
[2024-11-21T19:04:21.425+0000] {taskinstance.py:731} INFO - ::endgroup::
[2024-11-21T19:04:22.220+0000] {logging_mixin.py:190} INFO - Silhouette Score: 0.610
[2024-11-21T19:04:22.345+0000] {python.py:240} INFO - Done. Returned value was: None
[2024-11-21T19:04:22.373+0000] {taskinstance.py:340} INFO - ::group::Post task execution logs
[2024-11-21T19:04:22.375+0000] {taskinstance.py:352} INFO - Marking task as SUCCESS. dag_id=candlestick_analysis, task_id=clusterizar_candles, run_id=manual__2024-11-21T19:03:48.637425+00:00, execution_date=20241121T190348, start_date=20241121T190420, end_date=20241121T190422
[2024-11-21T19:04:22.449+0000] {logging_mixin.py:190} INFO - Task instance in success state
[2024-11-21T19:04:22.451+0000] {logging_mixin.py:190} INFO -  Previous state of the Task instance: running
[2024-11-21T19:04:22.452+0000] {logging_mixin.py:190} INFO - Dag name:candlestick_analysis queued_at:2024-11-21 19:03:48.707897+00:00
[2024-11-21T19:04:22.453+0000] {logging_mixin.py:190} INFO - Task hostname:78acbad22b7d operator:PythonOperator
[2024-11-21T19:04:22.498+0000] {local_task_job_runner.py:266} INFO - Task exited with return code 0
[2024-11-21T19:04:22.546+0000] {taskinstance.py:3895} INFO - 1 downstream tasks scheduled from follow-on schedule check
[2024-11-21T19:04:22.554+0000] {local_task_job_runner.py:245} INFO - ::endgroup::
