[2024-11-21T14:59:16.081+0000] {local_task_job_runner.py:123} INFO - ::group::Pre task execution logs
[2024-11-21T14:59:16.110+0000] {taskinstance.py:2613} INFO - Dependencies all met for dep_context=non-requeueable deps ti=<TaskInstance: candlestick_analysis.carregar_arquivo manual__2024-11-21T14:59:10.481067+00:00 [queued]>
[2024-11-21T14:59:16.128+0000] {taskinstance.py:2613} INFO - Dependencies all met for dep_context=requeueable deps ti=<TaskInstance: candlestick_analysis.carregar_arquivo manual__2024-11-21T14:59:10.481067+00:00 [queued]>
[2024-11-21T14:59:16.129+0000] {taskinstance.py:2866} INFO - Starting attempt 1 of 1
[2024-11-21T14:59:16.149+0000] {taskinstance.py:2889} INFO - Executing <Task(PythonOperator): carregar_arquivo> on 2024-11-21 14:59:10.481067+00:00
[2024-11-21T14:59:16.167+0000] {warnings.py:112} WARNING - /home/***/.local/lib/python3.12/site-packages/***/task/task_runner/standard_task_runner.py:70: DeprecationWarning: This process (pid=942) is multi-threaded, use of fork() may lead to deadlocks in the child.
  pid = os.fork()

[2024-11-21T14:59:16.171+0000] {standard_task_runner.py:72} INFO - Started process 951 to run task
[2024-11-21T14:59:16.169+0000] {standard_task_runner.py:104} INFO - Running: ['***', 'tasks', 'run', 'candlestick_analysis', 'carregar_arquivo', 'manual__2024-11-21T14:59:10.481067+00:00', '--job-id', '37', '--raw', '--subdir', 'DAGS_FOLDER/application.py', '--cfg-path', '/tmp/tmpcha_ot_s']
[2024-11-21T14:59:16.174+0000] {standard_task_runner.py:105} INFO - Job 37: Subtask carregar_arquivo
[2024-11-21T14:59:16.260+0000] {task_command.py:467} INFO - Running <TaskInstance: candlestick_analysis.carregar_arquivo manual__2024-11-21T14:59:10.481067+00:00 [running]> on host 994bce40d7c0
[2024-11-21T14:59:16.433+0000] {taskinstance.py:3132} INFO - Exporting env vars: AIRFLOW_CTX_DAG_OWNER='***' AIRFLOW_CTX_DAG_ID='candlestick_analysis' AIRFLOW_CTX_TASK_ID='carregar_arquivo' AIRFLOW_CTX_EXECUTION_DATE='2024-11-21T14:59:10.481067+00:00' AIRFLOW_CTX_TRY_NUMBER='1' AIRFLOW_CTX_DAG_RUN_ID='manual__2024-11-21T14:59:10.481067+00:00'
[2024-11-21T14:59:16.437+0000] {logging_mixin.py:190} INFO - Task instance is in running state
[2024-11-21T14:59:16.439+0000] {logging_mixin.py:190} INFO -  Previous state of the Task instance: queued
[2024-11-21T14:59:16.440+0000] {logging_mixin.py:190} INFO - Current task name:carregar_arquivo state:running start_date:2024-11-21 14:59:16.111547+00:00
[2024-11-21T14:59:16.442+0000] {logging_mixin.py:190} INFO - Dag name:candlestick_analysis and current dag run status:running
[2024-11-21T14:59:16.444+0000] {taskinstance.py:731} INFO - ::endgroup::
[2024-11-21T14:59:17.579+0000] {python.py:240} INFO - Done. Returned value was: None
[2024-11-21T14:59:17.601+0000] {taskinstance.py:340} INFO - ::group::Post task execution logs
[2024-11-21T14:59:17.603+0000] {taskinstance.py:352} INFO - Marking task as SUCCESS. dag_id=candlestick_analysis, task_id=carregar_arquivo, run_id=manual__2024-11-21T14:59:10.481067+00:00, execution_date=20241121T145910, start_date=20241121T145916, end_date=20241121T145917
[2024-11-21T14:59:17.634+0000] {logging_mixin.py:190} INFO - Task instance in success state
[2024-11-21T14:59:17.635+0000] {logging_mixin.py:190} INFO -  Previous state of the Task instance: running
[2024-11-21T14:59:17.637+0000] {logging_mixin.py:190} INFO - Dag name:candlestick_analysis queued_at:2024-11-21 14:59:10.503265+00:00
[2024-11-21T14:59:17.638+0000] {logging_mixin.py:190} INFO - Task hostname:994bce40d7c0 operator:PythonOperator
[2024-11-21T14:59:17.714+0000] {local_task_job_runner.py:266} INFO - Task exited with return code 0
[2024-11-21T14:59:17.760+0000] {taskinstance.py:3895} INFO - 1 downstream tasks scheduled from follow-on schedule check
[2024-11-21T14:59:17.763+0000] {local_task_job_runner.py:245} INFO - ::endgroup::
