[2024-11-21T15:33:55.586+0000] {local_task_job_runner.py:123} INFO - ::group::Pre task execution logs
[2024-11-21T15:33:55.616+0000] {taskinstance.py:2613} INFO - Dependencies all met for dep_context=non-requeueable deps ti=<TaskInstance: candlestick_analysis.carregar_arquivo manual__2024-11-21T15:33:49.515801+00:00 [queued]>
[2024-11-21T15:33:55.632+0000] {taskinstance.py:2613} INFO - Dependencies all met for dep_context=requeueable deps ti=<TaskInstance: candlestick_analysis.carregar_arquivo manual__2024-11-21T15:33:49.515801+00:00 [queued]>
[2024-11-21T15:33:55.633+0000] {taskinstance.py:2866} INFO - Starting attempt 1 of 1
[2024-11-21T15:33:55.652+0000] {taskinstance.py:2889} INFO - Executing <Task(PythonOperator): carregar_arquivo> on 2024-11-21 15:33:49.515801+00:00
[2024-11-21T15:33:55.669+0000] {warnings.py:112} WARNING - /home/***/.local/lib/python3.12/site-packages/***/task/task_runner/standard_task_runner.py:70: DeprecationWarning: This process (pid=85) is multi-threaded, use of fork() may lead to deadlocks in the child.
  pid = os.fork()

[2024-11-21T15:33:55.672+0000] {standard_task_runner.py:72} INFO - Started process 101 to run task
[2024-11-21T15:33:55.673+0000] {standard_task_runner.py:104} INFO - Running: ['***', 'tasks', 'run', 'candlestick_analysis', 'carregar_arquivo', 'manual__2024-11-21T15:33:49.515801+00:00', '--job-id', '61', '--raw', '--subdir', 'DAGS_FOLDER/application.py', '--cfg-path', '/tmp/tmpw92xp80l']
[2024-11-21T15:33:55.677+0000] {standard_task_runner.py:105} INFO - Job 61: Subtask carregar_arquivo
[2024-11-21T15:33:55.762+0000] {task_command.py:467} INFO - Running <TaskInstance: candlestick_analysis.carregar_arquivo manual__2024-11-21T15:33:49.515801+00:00 [running]> on host c397a827dfef
[2024-11-21T15:33:55.883+0000] {taskinstance.py:3132} INFO - Exporting env vars: AIRFLOW_CTX_DAG_OWNER='***' AIRFLOW_CTX_DAG_ID='candlestick_analysis' AIRFLOW_CTX_TASK_ID='carregar_arquivo' AIRFLOW_CTX_EXECUTION_DATE='2024-11-21T15:33:49.515801+00:00' AIRFLOW_CTX_TRY_NUMBER='1' AIRFLOW_CTX_DAG_RUN_ID='manual__2024-11-21T15:33:49.515801+00:00'
[2024-11-21T15:33:55.885+0000] {logging_mixin.py:190} INFO - Task instance is in running state
[2024-11-21T15:33:55.886+0000] {logging_mixin.py:190} INFO -  Previous state of the Task instance: queued
[2024-11-21T15:33:55.887+0000] {logging_mixin.py:190} INFO - Current task name:carregar_arquivo state:running start_date:2024-11-21 15:33:55.617467+00:00
[2024-11-21T15:33:55.888+0000] {logging_mixin.py:190} INFO - Dag name:candlestick_analysis and current dag run status:running
[2024-11-21T15:33:55.889+0000] {taskinstance.py:731} INFO - ::endgroup::
[2024-11-21T15:33:56.895+0000] {python.py:240} INFO - Done. Returned value was: None
[2024-11-21T15:33:56.911+0000] {taskinstance.py:340} INFO - ::group::Post task execution logs
[2024-11-21T15:33:56.912+0000] {taskinstance.py:352} INFO - Marking task as SUCCESS. dag_id=candlestick_analysis, task_id=carregar_arquivo, run_id=manual__2024-11-21T15:33:49.515801+00:00, execution_date=20241121T153349, start_date=20241121T153355, end_date=20241121T153356
[2024-11-21T15:33:56.928+0000] {logging_mixin.py:190} INFO - Task instance in success state
[2024-11-21T15:33:56.929+0000] {logging_mixin.py:190} INFO -  Previous state of the Task instance: running
[2024-11-21T15:33:56.930+0000] {logging_mixin.py:190} INFO - Dag name:candlestick_analysis queued_at:2024-11-21 15:33:49.536891+00:00
[2024-11-21T15:33:56.931+0000] {logging_mixin.py:190} INFO - Task hostname:c397a827dfef operator:PythonOperator
[2024-11-21T15:33:56.974+0000] {local_task_job_runner.py:266} INFO - Task exited with return code 0
[2024-11-21T15:33:57.008+0000] {taskinstance.py:3895} INFO - 1 downstream tasks scheduled from follow-on schedule check
[2024-11-21T15:33:57.011+0000] {local_task_job_runner.py:245} INFO - ::endgroup::
