[2024-11-21T15:42:35.312+0000] {local_task_job_runner.py:123} INFO - ::group::Pre task execution logs
[2024-11-21T15:42:35.362+0000] {taskinstance.py:2613} INFO - Dependencies all met for dep_context=non-requeueable deps ti=<TaskInstance: candlestick_analysis.separar_candles manual__2024-11-21T15:42:12.523374+00:00 [queued]>
[2024-11-21T15:42:35.383+0000] {taskinstance.py:2613} INFO - Dependencies all met for dep_context=requeueable deps ti=<TaskInstance: candlestick_analysis.separar_candles manual__2024-11-21T15:42:12.523374+00:00 [queued]>
[2024-11-21T15:42:35.384+0000] {taskinstance.py:2866} INFO - Starting attempt 1 of 1
[2024-11-21T15:42:35.420+0000] {taskinstance.py:2889} INFO - Executing <Task(PythonOperator): separar_candles> on 2024-11-21 15:42:12.523374+00:00
[2024-11-21T15:42:35.450+0000] {warnings.py:112} WARNING - /home/***/.local/lib/python3.12/site-packages/***/task/task_runner/standard_task_runner.py:70: DeprecationWarning: This process (pid=138) is multi-threaded, use of fork() may lead to deadlocks in the child.
  pid = os.fork()

[2024-11-21T15:42:35.455+0000] {standard_task_runner.py:72} INFO - Started process 147 to run task
[2024-11-21T15:42:35.453+0000] {standard_task_runner.py:104} INFO - Running: ['***', 'tasks', 'run', 'candlestick_analysis', 'separar_candles', 'manual__2024-11-21T15:42:12.523374+00:00', '--job-id', '68', '--raw', '--subdir', 'DAGS_FOLDER/application.py', '--cfg-path', '/tmp/tmps4gkyxf8']
[2024-11-21T15:42:35.459+0000] {standard_task_runner.py:105} INFO - Job 68: Subtask separar_candles
[2024-11-21T15:42:35.619+0000] {task_command.py:467} INFO - Running <TaskInstance: candlestick_analysis.separar_candles manual__2024-11-21T15:42:12.523374+00:00 [running]> on host c397a827dfef
[2024-11-21T15:42:35.823+0000] {taskinstance.py:3132} INFO - Exporting env vars: AIRFLOW_CTX_DAG_OWNER='***' AIRFLOW_CTX_DAG_ID='candlestick_analysis' AIRFLOW_CTX_TASK_ID='separar_candles' AIRFLOW_CTX_EXECUTION_DATE='2024-11-21T15:42:12.523374+00:00' AIRFLOW_CTX_TRY_NUMBER='1' AIRFLOW_CTX_DAG_RUN_ID='manual__2024-11-21T15:42:12.523374+00:00'
[2024-11-21T15:42:35.825+0000] {logging_mixin.py:190} INFO - Task instance is in running state
[2024-11-21T15:42:35.826+0000] {logging_mixin.py:190} INFO -  Previous state of the Task instance: queued
[2024-11-21T15:42:35.827+0000] {logging_mixin.py:190} INFO - Current task name:separar_candles state:running start_date:2024-11-21 15:42:35.363606+00:00
[2024-11-21T15:42:35.828+0000] {logging_mixin.py:190} INFO - Dag name:candlestick_analysis and current dag run status:running
[2024-11-21T15:42:35.829+0000] {taskinstance.py:731} INFO - ::endgroup::
[2024-11-21T15:42:35.977+0000] {python.py:240} INFO - Done. Returned value was: None
[2024-11-21T15:42:35.998+0000] {taskinstance.py:340} INFO - ::group::Post task execution logs
[2024-11-21T15:42:36.000+0000] {taskinstance.py:352} INFO - Marking task as SUCCESS. dag_id=candlestick_analysis, task_id=separar_candles, run_id=manual__2024-11-21T15:42:12.523374+00:00, execution_date=20241121T154212, start_date=20241121T154235, end_date=20241121T154236
[2024-11-21T15:42:36.024+0000] {logging_mixin.py:190} INFO - Task instance in success state
[2024-11-21T15:42:36.025+0000] {logging_mixin.py:190} INFO -  Previous state of the Task instance: running
[2024-11-21T15:42:36.026+0000] {logging_mixin.py:190} INFO - Dag name:candlestick_analysis queued_at:2024-11-21 15:42:12.629362+00:00
[2024-11-21T15:42:36.027+0000] {logging_mixin.py:190} INFO - Task hostname:c397a827dfef operator:PythonOperator
[2024-11-21T15:42:36.078+0000] {local_task_job_runner.py:266} INFO - Task exited with return code 0
[2024-11-21T15:42:36.143+0000] {taskinstance.py:3895} INFO - 1 downstream tasks scheduled from follow-on schedule check
[2024-11-21T15:42:36.147+0000] {local_task_job_runner.py:245} INFO - ::endgroup::
