[2024-11-21T19:05:28.542+0000] {local_task_job_runner.py:123} INFO - ::group::Pre task execution logs
[2024-11-21T19:05:28.575+0000] {taskinstance.py:2613} INFO - Dependencies all met for dep_context=non-requeueable deps ti=<TaskInstance: candlestick_analysis.plot_clusters manual__2024-11-21T19:05:02.765516+00:00 [queued]>
[2024-11-21T19:05:28.596+0000] {taskinstance.py:2613} INFO - Dependencies all met for dep_context=requeueable deps ti=<TaskInstance: candlestick_analysis.plot_clusters manual__2024-11-21T19:05:02.765516+00:00 [queued]>
[2024-11-21T19:05:28.598+0000] {taskinstance.py:2866} INFO - Starting attempt 1 of 1
[2024-11-21T19:05:28.622+0000] {taskinstance.py:2889} INFO - Executing <Task(PythonOperator): plot_clusters> on 2024-11-21 19:05:02.765516+00:00
[2024-11-21T19:05:28.642+0000] {warnings.py:112} WARNING - /home/***/.local/lib/python3.12/site-packages/***/task/task_runner/standard_task_runner.py:70: DeprecationWarning: This process (pid=2006) is multi-threaded, use of fork() may lead to deadlocks in the child.
  pid = os.fork()

[2024-11-21T19:05:28.646+0000] {standard_task_runner.py:72} INFO - Started process 2015 to run task
[2024-11-21T19:05:28.645+0000] {standard_task_runner.py:104} INFO - Running: ['***', 'tasks', 'run', 'candlestick_analysis', 'plot_clusters', 'manual__2024-11-21T19:05:02.765516+00:00', '--job-id', '94', '--raw', '--subdir', 'DAGS_FOLDER/application.py', '--cfg-path', '/tmp/tmpy4yrx5hu']
[2024-11-21T19:05:28.650+0000] {standard_task_runner.py:105} INFO - Job 94: Subtask plot_clusters
[2024-11-21T19:05:28.774+0000] {task_command.py:467} INFO - Running <TaskInstance: candlestick_analysis.plot_clusters manual__2024-11-21T19:05:02.765516+00:00 [running]> on host 78acbad22b7d
[2024-11-21T19:05:28.954+0000] {taskinstance.py:3132} INFO - Exporting env vars: AIRFLOW_CTX_DAG_OWNER='***' AIRFLOW_CTX_DAG_ID='candlestick_analysis' AIRFLOW_CTX_TASK_ID='plot_clusters' AIRFLOW_CTX_EXECUTION_DATE='2024-11-21T19:05:02.765516+00:00' AIRFLOW_CTX_TRY_NUMBER='1' AIRFLOW_CTX_DAG_RUN_ID='manual__2024-11-21T19:05:02.765516+00:00'
[2024-11-21T19:05:28.957+0000] {logging_mixin.py:190} INFO - Task instance is in running state
[2024-11-21T19:05:28.958+0000] {logging_mixin.py:190} INFO -  Previous state of the Task instance: queued
[2024-11-21T19:05:28.959+0000] {logging_mixin.py:190} INFO - Current task name:plot_clusters state:running start_date:2024-11-21 19:05:28.577293+00:00
[2024-11-21T19:05:28.960+0000] {logging_mixin.py:190} INFO - Dag name:candlestick_analysis and current dag run status:running
[2024-11-21T19:05:28.961+0000] {taskinstance.py:731} INFO - ::endgroup::
[2024-11-21T19:05:29.415+0000] {python.py:240} INFO - Done. Returned value was: None
[2024-11-21T19:05:29.436+0000] {taskinstance.py:340} INFO - ::group::Post task execution logs
[2024-11-21T19:05:29.438+0000] {taskinstance.py:352} INFO - Marking task as SUCCESS. dag_id=candlestick_analysis, task_id=plot_clusters, run_id=manual__2024-11-21T19:05:02.765516+00:00, execution_date=20241121T190502, start_date=20241121T190528, end_date=20241121T190529
[2024-11-21T19:05:29.457+0000] {logging_mixin.py:190} INFO - Task instance in success state
[2024-11-21T19:05:29.458+0000] {logging_mixin.py:190} INFO -  Previous state of the Task instance: running
[2024-11-21T19:05:29.459+0000] {logging_mixin.py:190} INFO - Dag name:candlestick_analysis queued_at:2024-11-21 19:05:02.788969+00:00
[2024-11-21T19:05:29.459+0000] {logging_mixin.py:190} INFO - Task hostname:78acbad22b7d operator:PythonOperator
[2024-11-21T19:05:29.512+0000] {local_task_job_runner.py:266} INFO - Task exited with return code 0
[2024-11-21T19:05:29.545+0000] {taskinstance.py:3895} INFO - 0 downstream tasks scheduled from follow-on schedule check
[2024-11-21T19:05:29.549+0000] {local_task_job_runner.py:245} INFO - ::endgroup::
