[2024-11-21T15:17:07.550+0000] {local_task_job_runner.py:123} INFO - ::group::Pre task execution logs
[2024-11-21T15:17:07.581+0000] {taskinstance.py:2613} INFO - Dependencies all met for dep_context=non-requeueable deps ti=<TaskInstance: candlestick_analysis.separar_candles manual__2024-11-21T15:16:50.247465+00:00 [queued]>
[2024-11-21T15:17:07.597+0000] {taskinstance.py:2613} INFO - Dependencies all met for dep_context=requeueable deps ti=<TaskInstance: candlestick_analysis.separar_candles manual__2024-11-21T15:16:50.247465+00:00 [queued]>
[2024-11-21T15:17:07.598+0000] {taskinstance.py:2866} INFO - Starting attempt 1 of 1
[2024-11-21T15:17:07.618+0000] {taskinstance.py:2889} INFO - Executing <Task(PythonOperator): separar_candles> on 2024-11-21 15:16:50.247465+00:00
[2024-11-21T15:17:07.634+0000] {warnings.py:112} WARNING - /home/***/.local/lib/python3.12/site-packages/***/task/task_runner/standard_task_runner.py:70: DeprecationWarning: This process (pid=122) is multi-threaded, use of fork() may lead to deadlocks in the child.
  pid = os.fork()

[2024-11-21T15:17:07.637+0000] {standard_task_runner.py:72} INFO - Started process 131 to run task
[2024-11-21T15:17:07.636+0000] {standard_task_runner.py:104} INFO - Running: ['***', 'tasks', 'run', 'candlestick_analysis', 'separar_candles', 'manual__2024-11-21T15:16:50.247465+00:00', '--job-id', '43', '--raw', '--subdir', 'DAGS_FOLDER/application.py', '--cfg-path', '/tmp/tmpmqia23_c']
[2024-11-21T15:17:07.639+0000] {standard_task_runner.py:105} INFO - Job 43: Subtask separar_candles
[2024-11-21T15:17:07.714+0000] {task_command.py:467} INFO - Running <TaskInstance: candlestick_analysis.separar_candles manual__2024-11-21T15:16:50.247465+00:00 [running]> on host c397a827dfef
[2024-11-21T15:17:07.823+0000] {taskinstance.py:3132} INFO - Exporting env vars: AIRFLOW_CTX_DAG_OWNER='***' AIRFLOW_CTX_DAG_ID='candlestick_analysis' AIRFLOW_CTX_TASK_ID='separar_candles' AIRFLOW_CTX_EXECUTION_DATE='2024-11-21T15:16:50.247465+00:00' AIRFLOW_CTX_TRY_NUMBER='1' AIRFLOW_CTX_DAG_RUN_ID='manual__2024-11-21T15:16:50.247465+00:00'
[2024-11-21T15:17:07.826+0000] {logging_mixin.py:190} INFO - Task instance is in running state
[2024-11-21T15:17:07.827+0000] {logging_mixin.py:190} INFO -  Previous state of the Task instance: queued
[2024-11-21T15:17:07.827+0000] {logging_mixin.py:190} INFO - Current task name:separar_candles state:running start_date:2024-11-21 15:17:07.582786+00:00
[2024-11-21T15:17:07.829+0000] {logging_mixin.py:190} INFO - Dag name:candlestick_analysis and current dag run status:running
[2024-11-21T15:17:07.830+0000] {taskinstance.py:731} INFO - ::endgroup::
[2024-11-21T15:17:08.305+0000] {python.py:240} INFO - Done. Returned value was: None
[2024-11-21T15:17:08.323+0000] {taskinstance.py:340} INFO - ::group::Post task execution logs
[2024-11-21T15:17:08.324+0000] {taskinstance.py:352} INFO - Marking task as SUCCESS. dag_id=candlestick_analysis, task_id=separar_candles, run_id=manual__2024-11-21T15:16:50.247465+00:00, execution_date=20241121T151650, start_date=20241121T151707, end_date=20241121T151708
[2024-11-21T15:17:08.341+0000] {logging_mixin.py:190} INFO - Task instance in success state
[2024-11-21T15:17:08.342+0000] {logging_mixin.py:190} INFO -  Previous state of the Task instance: running
[2024-11-21T15:17:08.343+0000] {logging_mixin.py:190} INFO - Dag name:candlestick_analysis queued_at:2024-11-21 15:16:50.280035+00:00
[2024-11-21T15:17:08.344+0000] {logging_mixin.py:190} INFO - Task hostname:c397a827dfef operator:PythonOperator
[2024-11-21T15:17:08.376+0000] {local_task_job_runner.py:266} INFO - Task exited with return code 0
[2024-11-21T15:17:08.410+0000] {taskinstance.py:3895} INFO - 1 downstream tasks scheduled from follow-on schedule check
[2024-11-21T15:17:08.414+0000] {local_task_job_runner.py:245} INFO - ::endgroup::
