[2024-11-21T15:21:15.706+0000] {local_task_job_runner.py:123} INFO - ::group::Pre task execution logs
[2024-11-21T15:21:15.730+0000] {taskinstance.py:2613} INFO - Dependencies all met for dep_context=non-requeueable deps ti=<TaskInstance: candlestick_analysis.clusterizar_candles manual__2024-11-21T15:20:56.338962+00:00 [queued]>
[2024-11-21T15:21:15.744+0000] {taskinstance.py:2613} INFO - Dependencies all met for dep_context=requeueable deps ti=<TaskInstance: candlestick_analysis.clusterizar_candles manual__2024-11-21T15:20:56.338962+00:00 [queued]>
[2024-11-21T15:21:15.746+0000] {taskinstance.py:2866} INFO - Starting attempt 1 of 1
[2024-11-21T15:21:15.762+0000] {taskinstance.py:2889} INFO - Executing <Task(PythonOperator): clusterizar_candles> on 2024-11-21 15:20:56.338962+00:00
[2024-11-21T15:21:15.777+0000] {warnings.py:112} WARNING - /home/***/.local/lib/python3.12/site-packages/***/task/task_runner/standard_task_runner.py:70: DeprecationWarning: This process (pid=235) is multi-threaded, use of fork() may lead to deadlocks in the child.
  pid = os.fork()

[2024-11-21T15:21:15.779+0000] {standard_task_runner.py:72} INFO - Started process 244 to run task
[2024-11-21T15:21:15.778+0000] {standard_task_runner.py:104} INFO - Running: ['***', 'tasks', 'run', 'candlestick_analysis', 'clusterizar_candles', 'manual__2024-11-21T15:20:56.338962+00:00', '--job-id', '47', '--raw', '--subdir', 'DAGS_FOLDER/application.py', '--cfg-path', '/tmp/tmpan06d8zr']
[2024-11-21T15:21:15.781+0000] {standard_task_runner.py:105} INFO - Job 47: Subtask clusterizar_candles
[2024-11-21T15:21:15.845+0000] {task_command.py:467} INFO - Running <TaskInstance: candlestick_analysis.clusterizar_candles manual__2024-11-21T15:20:56.338962+00:00 [running]> on host c397a827dfef
[2024-11-21T15:21:15.947+0000] {taskinstance.py:3132} INFO - Exporting env vars: AIRFLOW_CTX_DAG_OWNER='***' AIRFLOW_CTX_DAG_ID='candlestick_analysis' AIRFLOW_CTX_TASK_ID='clusterizar_candles' AIRFLOW_CTX_EXECUTION_DATE='2024-11-21T15:20:56.338962+00:00' AIRFLOW_CTX_TRY_NUMBER='1' AIRFLOW_CTX_DAG_RUN_ID='manual__2024-11-21T15:20:56.338962+00:00'
[2024-11-21T15:21:15.949+0000] {logging_mixin.py:190} INFO - Task instance is in running state
[2024-11-21T15:21:15.950+0000] {logging_mixin.py:190} INFO -  Previous state of the Task instance: queued
[2024-11-21T15:21:15.951+0000] {logging_mixin.py:190} INFO - Current task name:clusterizar_candles state:running start_date:2024-11-21 15:21:15.731870+00:00
[2024-11-21T15:21:15.952+0000] {logging_mixin.py:190} INFO - Dag name:candlestick_analysis and current dag run status:running
[2024-11-21T15:21:15.953+0000] {taskinstance.py:731} INFO - ::endgroup::
[2024-11-21T15:21:17.490+0000] {local_task_job_runner.py:266} INFO - Task exited with return code -9. For more information, see https://***.apache.org/docs/apache-***/stable/troubleshooting.html#LocalTaskJob-killed
[2024-11-21T15:21:17.652+0000] {taskinstance.py:3895} INFO - 0 downstream tasks scheduled from follow-on schedule check
[2024-11-21T15:21:17.655+0000] {local_task_job_runner.py:245} INFO - ::endgroup::
