[2024-11-21T14:50:51.026+0000] {local_task_job_runner.py:123} INFO - ::group::Pre task execution logs
[2024-11-21T14:50:51.064+0000] {taskinstance.py:2613} INFO - Dependencies all met for dep_context=non-requeueable deps ti=<TaskInstance: candlestick_analysis.carregar_arquivo manual__2024-11-21T14:50:44.693474+00:00 [queued]>
[2024-11-21T14:50:51.083+0000] {taskinstance.py:2613} INFO - Dependencies all met for dep_context=requeueable deps ti=<TaskInstance: candlestick_analysis.carregar_arquivo manual__2024-11-21T14:50:44.693474+00:00 [queued]>
[2024-11-21T14:50:51.085+0000] {taskinstance.py:2866} INFO - Starting attempt 1 of 2
[2024-11-21T14:50:51.115+0000] {taskinstance.py:2889} INFO - Executing <Task(PythonOperator): carregar_arquivo> on 2024-11-21 14:50:44.693474+00:00
[2024-11-21T14:50:51.151+0000] {warnings.py:112} WARNING - /home/***/.local/lib/python3.12/site-packages/***/task/task_runner/standard_task_runner.py:70: DeprecationWarning: This process (pid=736) is multi-threaded, use of fork() may lead to deadlocks in the child.
  pid = os.fork()

[2024-11-21T14:50:51.154+0000] {standard_task_runner.py:72} INFO - Started process 745 to run task
[2024-11-21T14:50:51.154+0000] {standard_task_runner.py:104} INFO - Running: ['***', 'tasks', 'run', 'candlestick_analysis', 'carregar_arquivo', 'manual__2024-11-21T14:50:44.693474+00:00', '--job-id', '29', '--raw', '--subdir', 'DAGS_FOLDER/application.py', '--cfg-path', '/tmp/tmpi4kdi0iu']
[2024-11-21T14:50:51.158+0000] {standard_task_runner.py:105} INFO - Job 29: Subtask carregar_arquivo
[2024-11-21T14:50:51.253+0000] {task_command.py:467} INFO - Running <TaskInstance: candlestick_analysis.carregar_arquivo manual__2024-11-21T14:50:44.693474+00:00 [running]> on host 994bce40d7c0
[2024-11-21T14:50:51.383+0000] {taskinstance.py:3132} INFO - Exporting env vars: AIRFLOW_CTX_DAG_OWNER='***' AIRFLOW_CTX_DAG_ID='candlestick_analysis' AIRFLOW_CTX_TASK_ID='carregar_arquivo' AIRFLOW_CTX_EXECUTION_DATE='2024-11-21T14:50:44.693474+00:00' AIRFLOW_CTX_TRY_NUMBER='1' AIRFLOW_CTX_DAG_RUN_ID='manual__2024-11-21T14:50:44.693474+00:00'
[2024-11-21T14:50:51.386+0000] {logging_mixin.py:190} INFO - Task instance is in running state
[2024-11-21T14:50:51.390+0000] {logging_mixin.py:190} INFO -  Previous state of the Task instance: queued
[2024-11-21T14:50:51.391+0000] {logging_mixin.py:190} INFO - Current task name:carregar_arquivo state:running start_date:2024-11-21 14:50:51.065276+00:00
[2024-11-21T14:50:51.392+0000] {logging_mixin.py:190} INFO - Dag name:candlestick_analysis and current dag run status:running
[2024-11-21T14:50:51.393+0000] {taskinstance.py:731} INFO - ::endgroup::
[2024-11-21T14:50:52.407+0000] {python.py:240} INFO - Done. Returned value was: None
[2024-11-21T14:50:52.424+0000] {taskinstance.py:340} INFO - ::group::Post task execution logs
[2024-11-21T14:50:52.425+0000] {taskinstance.py:352} INFO - Marking task as SUCCESS. dag_id=candlestick_analysis, task_id=carregar_arquivo, run_id=manual__2024-11-21T14:50:44.693474+00:00, execution_date=20241121T145044, start_date=20241121T145051, end_date=20241121T145052
[2024-11-21T14:50:52.441+0000] {logging_mixin.py:190} INFO - Task instance in success state
[2024-11-21T14:50:52.442+0000] {logging_mixin.py:190} INFO -  Previous state of the Task instance: running
[2024-11-21T14:50:52.442+0000] {logging_mixin.py:190} INFO - Dag name:candlestick_analysis queued_at:2024-11-21 14:50:44.709723+00:00
[2024-11-21T14:50:52.443+0000] {logging_mixin.py:190} INFO - Task hostname:994bce40d7c0 operator:PythonOperator
[2024-11-21T14:50:52.498+0000] {local_task_job_runner.py:266} INFO - Task exited with return code 0
[2024-11-21T14:50:52.532+0000] {taskinstance.py:3895} INFO - 1 downstream tasks scheduled from follow-on schedule check
[2024-11-21T14:50:52.535+0000] {local_task_job_runner.py:245} INFO - ::endgroup::
