[2024-11-21T15:21:49.297+0000] {local_task_job_runner.py:123} INFO - ::group::Pre task execution logs
[2024-11-21T15:21:49.325+0000] {taskinstance.py:2613} INFO - Dependencies all met for dep_context=non-requeueable deps ti=<TaskInstance: candlestick_analysis.separar_candles manual__2024-11-21T15:21:37.435255+00:00 [queued]>
[2024-11-21T15:21:49.337+0000] {taskinstance.py:2613} INFO - Dependencies all met for dep_context=requeueable deps ti=<TaskInstance: candlestick_analysis.separar_candles manual__2024-11-21T15:21:37.435255+00:00 [queued]>
[2024-11-21T15:21:49.338+0000] {taskinstance.py:2866} INFO - Starting attempt 1 of 1
[2024-11-21T15:21:49.357+0000] {taskinstance.py:2889} INFO - Executing <Task(PythonOperator): separar_candles> on 2024-11-21 15:21:37.435255+00:00
[2024-11-21T15:21:49.371+0000] {warnings.py:112} WARNING - /home/***/.local/lib/python3.12/site-packages/***/task/task_runner/standard_task_runner.py:70: DeprecationWarning: This process (pid=283) is multi-threaded, use of fork() may lead to deadlocks in the child.
  pid = os.fork()

[2024-11-21T15:21:49.374+0000] {standard_task_runner.py:72} INFO - Started process 292 to run task
[2024-11-21T15:21:49.373+0000] {standard_task_runner.py:104} INFO - Running: ['***', 'tasks', 'run', 'candlestick_analysis', 'separar_candles', 'manual__2024-11-21T15:21:37.435255+00:00', '--job-id', '49', '--raw', '--subdir', 'DAGS_FOLDER/application.py', '--cfg-path', '/tmp/tmpsu1l9i81']
[2024-11-21T15:21:49.376+0000] {standard_task_runner.py:105} INFO - Job 49: Subtask separar_candles
[2024-11-21T15:21:49.441+0000] {task_command.py:467} INFO - Running <TaskInstance: candlestick_analysis.separar_candles manual__2024-11-21T15:21:37.435255+00:00 [running]> on host c397a827dfef
[2024-11-21T15:21:49.542+0000] {taskinstance.py:3132} INFO - Exporting env vars: AIRFLOW_CTX_DAG_OWNER='***' AIRFLOW_CTX_DAG_ID='candlestick_analysis' AIRFLOW_CTX_TASK_ID='separar_candles' AIRFLOW_CTX_EXECUTION_DATE='2024-11-21T15:21:37.435255+00:00' AIRFLOW_CTX_TRY_NUMBER='1' AIRFLOW_CTX_DAG_RUN_ID='manual__2024-11-21T15:21:37.435255+00:00'
[2024-11-21T15:21:49.544+0000] {logging_mixin.py:190} INFO - Task instance is in running state
[2024-11-21T15:21:49.545+0000] {logging_mixin.py:190} INFO -  Previous state of the Task instance: queued
[2024-11-21T15:21:49.546+0000] {logging_mixin.py:190} INFO - Current task name:separar_candles state:running start_date:2024-11-21 15:21:49.325808+00:00
[2024-11-21T15:21:49.547+0000] {logging_mixin.py:190} INFO - Dag name:candlestick_analysis and current dag run status:running
[2024-11-21T15:21:49.547+0000] {taskinstance.py:731} INFO - ::endgroup::
[2024-11-21T15:21:49.980+0000] {python.py:240} INFO - Done. Returned value was: None
[2024-11-21T15:21:49.994+0000] {taskinstance.py:340} INFO - ::group::Post task execution logs
[2024-11-21T15:21:49.995+0000] {taskinstance.py:352} INFO - Marking task as SUCCESS. dag_id=candlestick_analysis, task_id=separar_candles, run_id=manual__2024-11-21T15:21:37.435255+00:00, execution_date=20241121T152137, start_date=20241121T152149, end_date=20241121T152149
[2024-11-21T15:21:50.013+0000] {logging_mixin.py:190} INFO - Task instance in success state
[2024-11-21T15:21:50.014+0000] {logging_mixin.py:190} INFO -  Previous state of the Task instance: running
[2024-11-21T15:21:50.015+0000] {logging_mixin.py:190} INFO - Dag name:candlestick_analysis queued_at:2024-11-21 15:21:37.455000+00:00
[2024-11-21T15:21:50.016+0000] {logging_mixin.py:190} INFO - Task hostname:c397a827dfef operator:PythonOperator
[2024-11-21T15:21:50.065+0000] {local_task_job_runner.py:266} INFO - Task exited with return code 0
[2024-11-21T15:21:50.098+0000] {taskinstance.py:3895} INFO - 1 downstream tasks scheduled from follow-on schedule check
[2024-11-21T15:21:50.100+0000] {local_task_job_runner.py:245} INFO - ::endgroup::
