[2024-11-21T14:23:05.203+0000] {local_task_job_runner.py:123} INFO - ::group::Pre task execution logs
[2024-11-21T14:23:05.228+0000] {taskinstance.py:2613} INFO - Dependencies all met for dep_context=non-requeueable deps ti=<TaskInstance: candlestick_analysis.carregar_arquivo manual__2024-11-21T14:22:55.578560+00:00 [queued]>
[2024-11-21T14:23:05.239+0000] {taskinstance.py:2613} INFO - Dependencies all met for dep_context=requeueable deps ti=<TaskInstance: candlestick_analysis.carregar_arquivo manual__2024-11-21T14:22:55.578560+00:00 [queued]>
[2024-11-21T14:23:05.240+0000] {taskinstance.py:2866} INFO - Starting attempt 1 of 2
[2024-11-21T14:23:05.259+0000] {taskinstance.py:2889} INFO - Executing <Task(PythonOperator): carregar_arquivo> on 2024-11-21 14:22:55.578560+00:00
[2024-11-21T14:23:05.280+0000] {warnings.py:112} WARNING - /home/***/.local/lib/python3.12/site-packages/***/task/task_runner/standard_task_runner.py:70: DeprecationWarning: This process (pid=112) is multi-threaded, use of fork() may lead to deadlocks in the child.
  pid = os.fork()

[2024-11-21T14:23:05.283+0000] {standard_task_runner.py:72} INFO - Started process 130 to run task
[2024-11-21T14:23:05.282+0000] {standard_task_runner.py:104} INFO - Running: ['***', 'tasks', 'run', 'candlestick_analysis', 'carregar_arquivo', 'manual__2024-11-21T14:22:55.578560+00:00', '--job-id', '4', '--raw', '--subdir', 'DAGS_FOLDER/application.py', '--cfg-path', '/tmp/tmp8x7g43i_']
[2024-11-21T14:23:05.286+0000] {standard_task_runner.py:105} INFO - Job 4: Subtask carregar_arquivo
[2024-11-21T14:23:05.355+0000] {task_command.py:467} INFO - Running <TaskInstance: candlestick_analysis.carregar_arquivo manual__2024-11-21T14:22:55.578560+00:00 [running]> on host 994bce40d7c0
[2024-11-21T14:23:05.472+0000] {taskinstance.py:3132} INFO - Exporting env vars: AIRFLOW_CTX_DAG_OWNER='***' AIRFLOW_CTX_DAG_ID='candlestick_analysis' AIRFLOW_CTX_TASK_ID='carregar_arquivo' AIRFLOW_CTX_EXECUTION_DATE='2024-11-21T14:22:55.578560+00:00' AIRFLOW_CTX_TRY_NUMBER='1' AIRFLOW_CTX_DAG_RUN_ID='manual__2024-11-21T14:22:55.578560+00:00'
[2024-11-21T14:23:05.475+0000] {logging_mixin.py:190} INFO - Task instance is in running state
[2024-11-21T14:23:05.476+0000] {logging_mixin.py:190} INFO -  Previous state of the Task instance: queued
[2024-11-21T14:23:05.477+0000] {logging_mixin.py:190} INFO - Current task name:carregar_arquivo state:running start_date:2024-11-21 14:23:05.228967+00:00
[2024-11-21T14:23:05.478+0000] {logging_mixin.py:190} INFO - Dag name:candlestick_analysis and current dag run status:running
[2024-11-21T14:23:05.479+0000] {taskinstance.py:731} INFO - ::endgroup::
[2024-11-21T14:23:06.818+0000] {python.py:240} INFO - Done. Returned value was: None
[2024-11-21T14:23:06.844+0000] {taskinstance.py:340} INFO - ::group::Post task execution logs
[2024-11-21T14:23:06.845+0000] {taskinstance.py:352} INFO - Marking task as SUCCESS. dag_id=candlestick_analysis, task_id=carregar_arquivo, run_id=manual__2024-11-21T14:22:55.578560+00:00, execution_date=20241121T142255, start_date=20241121T142305, end_date=20241121T142306
[2024-11-21T14:23:06.873+0000] {logging_mixin.py:190} INFO - Task instance in success state
[2024-11-21T14:23:06.874+0000] {logging_mixin.py:190} INFO -  Previous state of the Task instance: running
[2024-11-21T14:23:06.875+0000] {logging_mixin.py:190} INFO - Dag name:candlestick_analysis queued_at:2024-11-21 14:22:55.609779+00:00
[2024-11-21T14:23:06.876+0000] {logging_mixin.py:190} INFO - Task hostname:994bce40d7c0 operator:PythonOperator
[2024-11-21T14:23:06.947+0000] {local_task_job_runner.py:266} INFO - Task exited with return code 0
[2024-11-21T14:23:06.993+0000] {taskinstance.py:3895} INFO - 1 downstream tasks scheduled from follow-on schedule check
[2024-11-21T14:23:06.996+0000] {local_task_job_runner.py:245} INFO - ::endgroup::
