[2024-11-21T15:24:26.255+0000] {local_task_job_runner.py:123} INFO - ::group::Pre task execution logs
[2024-11-21T15:24:26.282+0000] {taskinstance.py:2613} INFO - Dependencies all met for dep_context=non-requeueable deps ti=<TaskInstance: candlestick_analysis.separar_candles manual__2024-11-21T15:24:14.817027+00:00 [queued]>
[2024-11-21T15:24:26.295+0000] {taskinstance.py:2613} INFO - Dependencies all met for dep_context=requeueable deps ti=<TaskInstance: candlestick_analysis.separar_candles manual__2024-11-21T15:24:14.817027+00:00 [queued]>
[2024-11-21T15:24:26.297+0000] {taskinstance.py:2866} INFO - Starting attempt 1 of 1
[2024-11-21T15:24:26.315+0000] {taskinstance.py:2889} INFO - Executing <Task(PythonOperator): separar_candles> on 2024-11-21 15:24:14.817027+00:00
[2024-11-21T15:24:26.330+0000] {warnings.py:112} WARNING - /home/***/.local/lib/python3.12/site-packages/***/task/task_runner/standard_task_runner.py:70: DeprecationWarning: This process (pid=363) is multi-threaded, use of fork() may lead to deadlocks in the child.
  pid = os.fork()

[2024-11-21T15:24:26.332+0000] {standard_task_runner.py:72} INFO - Started process 372 to run task
[2024-11-21T15:24:26.331+0000] {standard_task_runner.py:104} INFO - Running: ['***', 'tasks', 'run', 'candlestick_analysis', 'separar_candles', 'manual__2024-11-21T15:24:14.817027+00:00', '--job-id', '52', '--raw', '--subdir', 'DAGS_FOLDER/application.py', '--cfg-path', '/tmp/tmp6vgxctb3']
[2024-11-21T15:24:26.334+0000] {standard_task_runner.py:105} INFO - Job 52: Subtask separar_candles
[2024-11-21T15:24:26.400+0000] {task_command.py:467} INFO - Running <TaskInstance: candlestick_analysis.separar_candles manual__2024-11-21T15:24:14.817027+00:00 [running]> on host c397a827dfef
[2024-11-21T15:24:26.505+0000] {taskinstance.py:3132} INFO - Exporting env vars: AIRFLOW_CTX_DAG_OWNER='***' AIRFLOW_CTX_DAG_ID='candlestick_analysis' AIRFLOW_CTX_TASK_ID='separar_candles' AIRFLOW_CTX_EXECUTION_DATE='2024-11-21T15:24:14.817027+00:00' AIRFLOW_CTX_TRY_NUMBER='1' AIRFLOW_CTX_DAG_RUN_ID='manual__2024-11-21T15:24:14.817027+00:00'
[2024-11-21T15:24:26.507+0000] {logging_mixin.py:190} INFO - Task instance is in running state
[2024-11-21T15:24:26.507+0000] {logging_mixin.py:190} INFO -  Previous state of the Task instance: queued
[2024-11-21T15:24:26.508+0000] {logging_mixin.py:190} INFO - Current task name:separar_candles state:running start_date:2024-11-21 15:24:26.283237+00:00
[2024-11-21T15:24:26.509+0000] {logging_mixin.py:190} INFO - Dag name:candlestick_analysis and current dag run status:running
[2024-11-21T15:24:26.510+0000] {taskinstance.py:731} INFO - ::endgroup::
[2024-11-21T15:24:26.614+0000] {python.py:240} INFO - Done. Returned value was: None
[2024-11-21T15:24:26.631+0000] {taskinstance.py:340} INFO - ::group::Post task execution logs
[2024-11-21T15:24:26.632+0000] {taskinstance.py:352} INFO - Marking task as SUCCESS. dag_id=candlestick_analysis, task_id=separar_candles, run_id=manual__2024-11-21T15:24:14.817027+00:00, execution_date=20241121T152414, start_date=20241121T152426, end_date=20241121T152426
[2024-11-21T15:24:26.648+0000] {logging_mixin.py:190} INFO - Task instance in success state
[2024-11-21T15:24:26.649+0000] {logging_mixin.py:190} INFO -  Previous state of the Task instance: running
[2024-11-21T15:24:26.649+0000] {logging_mixin.py:190} INFO - Dag name:candlestick_analysis queued_at:2024-11-21 15:24:14.854137+00:00
[2024-11-21T15:24:26.650+0000] {logging_mixin.py:190} INFO - Task hostname:c397a827dfef operator:PythonOperator
[2024-11-21T15:24:26.669+0000] {local_task_job_runner.py:266} INFO - Task exited with return code 0
[2024-11-21T15:24:26.707+0000] {taskinstance.py:3895} INFO - 1 downstream tasks scheduled from follow-on schedule check
[2024-11-21T15:24:26.710+0000] {local_task_job_runner.py:245} INFO - ::endgroup::
