[2024-11-21T15:30:33.259+0000] {local_task_job_runner.py:123} INFO - ::group::Pre task execution logs
[2024-11-21T15:30:33.290+0000] {taskinstance.py:2613} INFO - Dependencies all met for dep_context=non-requeueable deps ti=<TaskInstance: candlestick_analysis.carregar_arquivo manual__2024-11-21T15:30:26.803509+00:00 [queued]>
[2024-11-21T15:30:33.306+0000] {taskinstance.py:2613} INFO - Dependencies all met for dep_context=requeueable deps ti=<TaskInstance: candlestick_analysis.carregar_arquivo manual__2024-11-21T15:30:26.803509+00:00 [queued]>
[2024-11-21T15:30:33.307+0000] {taskinstance.py:2866} INFO - Starting attempt 1 of 1
[2024-11-21T15:30:33.334+0000] {taskinstance.py:2889} INFO - Executing <Task(PythonOperator): carregar_arquivo> on 2024-11-21 15:30:26.803509+00:00
[2024-11-21T15:30:33.355+0000] {warnings.py:112} WARNING - /home/***/.local/lib/python3.12/site-packages/***/task/task_runner/standard_task_runner.py:70: DeprecationWarning: This process (pid=493) is multi-threaded, use of fork() may lead to deadlocks in the child.
  pid = os.fork()

[2024-11-21T15:30:33.357+0000] {standard_task_runner.py:72} INFO - Started process 502 to run task
[2024-11-21T15:30:33.357+0000] {standard_task_runner.py:104} INFO - Running: ['***', 'tasks', 'run', 'candlestick_analysis', 'carregar_arquivo', 'manual__2024-11-21T15:30:26.803509+00:00', '--job-id', '55', '--raw', '--subdir', 'DAGS_FOLDER/application.py', '--cfg-path', '/tmp/tmp9ywq80x3']
[2024-11-21T15:30:33.361+0000] {standard_task_runner.py:105} INFO - Job 55: Subtask carregar_arquivo
[2024-11-21T15:30:33.443+0000] {task_command.py:467} INFO - Running <TaskInstance: candlestick_analysis.carregar_arquivo manual__2024-11-21T15:30:26.803509+00:00 [running]> on host c397a827dfef
[2024-11-21T15:30:33.632+0000] {taskinstance.py:3132} INFO - Exporting env vars: AIRFLOW_CTX_DAG_OWNER='***' AIRFLOW_CTX_DAG_ID='candlestick_analysis' AIRFLOW_CTX_TASK_ID='carregar_arquivo' AIRFLOW_CTX_EXECUTION_DATE='2024-11-21T15:30:26.803509+00:00' AIRFLOW_CTX_TRY_NUMBER='1' AIRFLOW_CTX_DAG_RUN_ID='manual__2024-11-21T15:30:26.803509+00:00'
[2024-11-21T15:30:33.635+0000] {logging_mixin.py:190} INFO - Task instance is in running state
[2024-11-21T15:30:33.650+0000] {logging_mixin.py:190} INFO -  Previous state of the Task instance: queued
[2024-11-21T15:30:33.652+0000] {logging_mixin.py:190} INFO - Current task name:carregar_arquivo state:running start_date:2024-11-21 15:30:33.291574+00:00
[2024-11-21T15:30:33.653+0000] {logging_mixin.py:190} INFO - Dag name:candlestick_analysis and current dag run status:running
[2024-11-21T15:30:33.654+0000] {taskinstance.py:731} INFO - ::endgroup::
[2024-11-21T15:30:35.077+0000] {python.py:240} INFO - Done. Returned value was: None
[2024-11-21T15:31:09.369+0000] {taskinstance.py:340} INFO - ::group::Post task execution logs
[2024-11-21T15:31:09.371+0000] {taskinstance.py:352} INFO - Marking task as SUCCESS. dag_id=candlestick_analysis, task_id=carregar_arquivo, run_id=manual__2024-11-21T15:30:26.803509+00:00, execution_date=20241121T153026, start_date=20241121T153033, end_date=20241121T153109
[2024-11-21T15:31:09.413+0000] {logging_mixin.py:190} INFO - Task instance in success state
[2024-11-21T15:31:09.414+0000] {logging_mixin.py:190} INFO -  Previous state of the Task instance: running
[2024-11-21T15:31:09.416+0000] {logging_mixin.py:190} INFO - Dag name:candlestick_analysis queued_at:2024-11-21 15:30:26.872036+00:00
[2024-11-21T15:31:09.417+0000] {logging_mixin.py:190} INFO - Task hostname:c397a827dfef operator:PythonOperator
[2024-11-21T15:31:09.481+0000] {job.py:229} INFO - Heartbeat recovered after 36.32 seconds
[2024-11-21T15:31:09.505+0000] {local_task_job_runner.py:266} INFO - Task exited with return code 0
[2024-11-21T15:31:09.551+0000] {taskinstance.py:3895} INFO - 1 downstream tasks scheduled from follow-on schedule check
[2024-11-21T15:31:09.555+0000] {local_task_job_runner.py:245} INFO - ::endgroup::
