[2024-11-21T14:42:57.521+0000] {local_task_job_runner.py:123} INFO - ::group::Pre task execution logs
[2024-11-21T14:42:57.544+0000] {taskinstance.py:2613} INFO - Dependencies all met for dep_context=non-requeueable deps ti=<TaskInstance: candlestick_analysis.carregar_arquivo manual__2024-11-21T14:42:51.920439+00:00 [queued]>
[2024-11-21T14:42:57.557+0000] {taskinstance.py:2613} INFO - Dependencies all met for dep_context=requeueable deps ti=<TaskInstance: candlestick_analysis.carregar_arquivo manual__2024-11-21T14:42:51.920439+00:00 [queued]>
[2024-11-21T14:42:57.558+0000] {taskinstance.py:2866} INFO - Starting attempt 1 of 2
[2024-11-21T14:42:57.574+0000] {taskinstance.py:2889} INFO - Executing <Task(PythonOperator): carregar_arquivo> on 2024-11-21 14:42:51.920439+00:00
[2024-11-21T14:42:57.590+0000] {warnings.py:112} WARNING - /home/***/.local/lib/python3.12/site-packages/***/task/task_runner/standard_task_runner.py:70: DeprecationWarning: This process (pid=543) is multi-threaded, use of fork() may lead to deadlocks in the child.
  pid = os.fork()

[2024-11-21T14:42:57.592+0000] {standard_task_runner.py:72} INFO - Started process 552 to run task
[2024-11-21T14:42:57.592+0000] {standard_task_runner.py:104} INFO - Running: ['***', 'tasks', 'run', 'candlestick_analysis', 'carregar_arquivo', 'manual__2024-11-21T14:42:51.920439+00:00', '--job-id', '21', '--raw', '--subdir', 'DAGS_FOLDER/application.py', '--cfg-path', '/tmp/tmpmglazp17']
[2024-11-21T14:42:57.595+0000] {standard_task_runner.py:105} INFO - Job 21: Subtask carregar_arquivo
[2024-11-21T14:42:57.664+0000] {task_command.py:467} INFO - Running <TaskInstance: candlestick_analysis.carregar_arquivo manual__2024-11-21T14:42:51.920439+00:00 [running]> on host 994bce40d7c0
[2024-11-21T14:42:57.769+0000] {taskinstance.py:3132} INFO - Exporting env vars: AIRFLOW_CTX_DAG_OWNER='***' AIRFLOW_CTX_DAG_ID='candlestick_analysis' AIRFLOW_CTX_TASK_ID='carregar_arquivo' AIRFLOW_CTX_EXECUTION_DATE='2024-11-21T14:42:51.920439+00:00' AIRFLOW_CTX_TRY_NUMBER='1' AIRFLOW_CTX_DAG_RUN_ID='manual__2024-11-21T14:42:51.920439+00:00'
[2024-11-21T14:42:57.771+0000] {logging_mixin.py:190} INFO - Task instance is in running state
[2024-11-21T14:42:57.773+0000] {logging_mixin.py:190} INFO -  Previous state of the Task instance: queued
[2024-11-21T14:42:57.773+0000] {logging_mixin.py:190} INFO - Current task name:carregar_arquivo state:running start_date:2024-11-21 14:42:57.545685+00:00
[2024-11-21T14:42:57.774+0000] {logging_mixin.py:190} INFO - Dag name:candlestick_analysis and current dag run status:running
[2024-11-21T14:42:57.775+0000] {taskinstance.py:731} INFO - ::endgroup::
[2024-11-21T14:42:58.560+0000] {python.py:240} INFO - Done. Returned value was: None
[2024-11-21T14:42:58.575+0000] {taskinstance.py:340} INFO - ::group::Post task execution logs
[2024-11-21T14:42:58.576+0000] {taskinstance.py:352} INFO - Marking task as SUCCESS. dag_id=candlestick_analysis, task_id=carregar_arquivo, run_id=manual__2024-11-21T14:42:51.920439+00:00, execution_date=20241121T144251, start_date=20241121T144257, end_date=20241121T144258
[2024-11-21T14:42:58.592+0000] {logging_mixin.py:190} INFO - Task instance in success state
[2024-11-21T14:42:58.593+0000] {logging_mixin.py:190} INFO -  Previous state of the Task instance: running
[2024-11-21T14:42:58.594+0000] {logging_mixin.py:190} INFO - Dag name:candlestick_analysis queued_at:2024-11-21 14:42:51.944376+00:00
[2024-11-21T14:42:58.595+0000] {logging_mixin.py:190} INFO - Task hostname:994bce40d7c0 operator:PythonOperator
[2024-11-21T14:42:58.652+0000] {local_task_job_runner.py:266} INFO - Task exited with return code 0
[2024-11-21T14:42:58.686+0000] {taskinstance.py:3895} INFO - 1 downstream tasks scheduled from follow-on schedule check
[2024-11-21T14:42:58.689+0000] {local_task_job_runner.py:245} INFO - ::endgroup::
