[2024-11-21T19:04:31.498+0000] {local_task_job_runner.py:123} INFO - ::group::Pre task execution logs
[2024-11-21T19:04:31.534+0000] {taskinstance.py:2613} INFO - Dependencies all met for dep_context=non-requeueable deps ti=<TaskInstance: candlestick_analysis.plot_clusters manual__2024-11-21T19:03:48.637425+00:00 [queued]>
[2024-11-21T19:04:31.552+0000] {taskinstance.py:2613} INFO - Dependencies all met for dep_context=requeueable deps ti=<TaskInstance: candlestick_analysis.plot_clusters manual__2024-11-21T19:03:48.637425+00:00 [queued]>
[2024-11-21T19:04:31.553+0000] {taskinstance.py:2866} INFO - Starting attempt 1 of 1
[2024-11-21T19:04:31.585+0000] {taskinstance.py:2889} INFO - Executing <Task(PythonOperator): plot_clusters> on 2024-11-21 19:03:48.637425+00:00
[2024-11-21T19:04:31.607+0000] {warnings.py:112} WARNING - /home/***/.local/lib/python3.12/site-packages/***/task/task_runner/standard_task_runner.py:70: DeprecationWarning: This process (pid=1878) is multi-threaded, use of fork() may lead to deadlocks in the child.
  pid = os.fork()

[2024-11-21T19:04:31.609+0000] {standard_task_runner.py:72} INFO - Started process 1896 to run task
[2024-11-21T19:04:31.610+0000] {standard_task_runner.py:104} INFO - Running: ['***', 'tasks', 'run', 'candlestick_analysis', 'plot_clusters', 'manual__2024-11-21T19:03:48.637425+00:00', '--job-id', '88', '--raw', '--subdir', 'DAGS_FOLDER/application.py', '--cfg-path', '/tmp/tmpfnt9kznm']
[2024-11-21T19:04:31.616+0000] {standard_task_runner.py:105} INFO - Job 88: Subtask plot_clusters
[2024-11-21T19:04:31.749+0000] {task_command.py:467} INFO - Running <TaskInstance: candlestick_analysis.plot_clusters manual__2024-11-21T19:03:48.637425+00:00 [running]> on host 78acbad22b7d
[2024-11-21T19:04:31.944+0000] {taskinstance.py:3132} INFO - Exporting env vars: AIRFLOW_CTX_DAG_OWNER='***' AIRFLOW_CTX_DAG_ID='candlestick_analysis' AIRFLOW_CTX_TASK_ID='plot_clusters' AIRFLOW_CTX_EXECUTION_DATE='2024-11-21T19:03:48.637425+00:00' AIRFLOW_CTX_TRY_NUMBER='1' AIRFLOW_CTX_DAG_RUN_ID='manual__2024-11-21T19:03:48.637425+00:00'
[2024-11-21T19:04:31.948+0000] {logging_mixin.py:190} INFO - Task instance is in running state
[2024-11-21T19:04:31.949+0000] {logging_mixin.py:190} INFO -  Previous state of the Task instance: queued
[2024-11-21T19:04:31.951+0000] {logging_mixin.py:190} INFO - Current task name:plot_clusters state:running start_date:2024-11-21 19:04:31.536084+00:00
[2024-11-21T19:04:31.952+0000] {logging_mixin.py:190} INFO - Dag name:candlestick_analysis and current dag run status:running
[2024-11-21T19:04:31.953+0000] {taskinstance.py:731} INFO - ::endgroup::
[2024-11-21T19:04:32.490+0000] {python.py:240} INFO - Done. Returned value was: None
[2024-11-21T19:04:32.513+0000] {taskinstance.py:340} INFO - ::group::Post task execution logs
[2024-11-21T19:04:32.514+0000] {taskinstance.py:352} INFO - Marking task as SUCCESS. dag_id=candlestick_analysis, task_id=plot_clusters, run_id=manual__2024-11-21T19:03:48.637425+00:00, execution_date=20241121T190348, start_date=20241121T190431, end_date=20241121T190432
[2024-11-21T19:04:32.535+0000] {logging_mixin.py:190} INFO - Task instance in success state
[2024-11-21T19:04:32.537+0000] {logging_mixin.py:190} INFO -  Previous state of the Task instance: running
[2024-11-21T19:04:32.538+0000] {logging_mixin.py:190} INFO - Dag name:candlestick_analysis queued_at:2024-11-21 19:03:48.707897+00:00
[2024-11-21T19:04:32.539+0000] {logging_mixin.py:190} INFO - Task hostname:78acbad22b7d operator:PythonOperator
[2024-11-21T19:04:32.593+0000] {local_task_job_runner.py:266} INFO - Task exited with return code 0
[2024-11-21T19:04:32.627+0000] {taskinstance.py:3895} INFO - 0 downstream tasks scheduled from follow-on schedule check
[2024-11-21T19:04:32.631+0000] {local_task_job_runner.py:245} INFO - ::endgroup::
