[2024-11-21T19:05:20.829+0000] {local_task_job_runner.py:123} INFO - ::group::Pre task execution logs
[2024-11-21T19:05:20.868+0000] {taskinstance.py:2613} INFO - Dependencies all met for dep_context=non-requeueable deps ti=<TaskInstance: candlestick_analysis.clusterizar_candles manual__2024-11-21T19:05:02.765516+00:00 [queued]>
[2024-11-21T19:05:20.886+0000] {taskinstance.py:2613} INFO - Dependencies all met for dep_context=requeueable deps ti=<TaskInstance: candlestick_analysis.clusterizar_candles manual__2024-11-21T19:05:02.765516+00:00 [queued]>
[2024-11-21T19:05:20.891+0000] {taskinstance.py:2866} INFO - Starting attempt 1 of 1
[2024-11-21T19:05:20.923+0000] {taskinstance.py:2889} INFO - Executing <Task(PythonOperator): clusterizar_candles> on 2024-11-21 19:05:02.765516+00:00
[2024-11-21T19:05:20.945+0000] {warnings.py:112} WARNING - /home/***/.local/lib/python3.12/site-packages/***/task/task_runner/standard_task_runner.py:70: DeprecationWarning: This process (pid=1976) is multi-threaded, use of fork() may lead to deadlocks in the child.
  pid = os.fork()

[2024-11-21T19:05:20.949+0000] {standard_task_runner.py:72} INFO - Started process 1985 to run task
[2024-11-21T19:05:20.948+0000] {standard_task_runner.py:104} INFO - Running: ['***', 'tasks', 'run', 'candlestick_analysis', 'clusterizar_candles', 'manual__2024-11-21T19:05:02.765516+00:00', '--job-id', '93', '--raw', '--subdir', 'DAGS_FOLDER/application.py', '--cfg-path', '/tmp/tmpst3kdt6h']
[2024-11-21T19:05:20.952+0000] {standard_task_runner.py:105} INFO - Job 93: Subtask clusterizar_candles
[2024-11-21T19:05:21.065+0000] {task_command.py:467} INFO - Running <TaskInstance: candlestick_analysis.clusterizar_candles manual__2024-11-21T19:05:02.765516+00:00 [running]> on host 78acbad22b7d
[2024-11-21T19:05:21.272+0000] {taskinstance.py:3132} INFO - Exporting env vars: AIRFLOW_CTX_DAG_OWNER='***' AIRFLOW_CTX_DAG_ID='candlestick_analysis' AIRFLOW_CTX_TASK_ID='clusterizar_candles' AIRFLOW_CTX_EXECUTION_DATE='2024-11-21T19:05:02.765516+00:00' AIRFLOW_CTX_TRY_NUMBER='1' AIRFLOW_CTX_DAG_RUN_ID='manual__2024-11-21T19:05:02.765516+00:00'
[2024-11-21T19:05:21.275+0000] {logging_mixin.py:190} INFO - Task instance is in running state
[2024-11-21T19:05:21.276+0000] {logging_mixin.py:190} INFO -  Previous state of the Task instance: queued
[2024-11-21T19:05:21.278+0000] {logging_mixin.py:190} INFO - Current task name:clusterizar_candles state:running start_date:2024-11-21 19:05:20.869693+00:00
[2024-11-21T19:05:21.279+0000] {logging_mixin.py:190} INFO - Dag name:candlestick_analysis and current dag run status:running
[2024-11-21T19:05:21.280+0000] {taskinstance.py:731} INFO - ::endgroup::
[2024-11-21T19:05:21.630+0000] {logging_mixin.py:190} INFO - Silhouette Score: 0.610
[2024-11-21T19:05:21.711+0000] {python.py:240} INFO - Done. Returned value was: None
[2024-11-21T19:05:21.733+0000] {taskinstance.py:340} INFO - ::group::Post task execution logs
[2024-11-21T19:05:21.734+0000] {taskinstance.py:352} INFO - Marking task as SUCCESS. dag_id=candlestick_analysis, task_id=clusterizar_candles, run_id=manual__2024-11-21T19:05:02.765516+00:00, execution_date=20241121T190502, start_date=20241121T190520, end_date=20241121T190521
[2024-11-21T19:05:21.754+0000] {logging_mixin.py:190} INFO - Task instance in success state
[2024-11-21T19:05:21.755+0000] {logging_mixin.py:190} INFO -  Previous state of the Task instance: running
[2024-11-21T19:05:21.757+0000] {logging_mixin.py:190} INFO - Dag name:candlestick_analysis queued_at:2024-11-21 19:05:02.788969+00:00
[2024-11-21T19:05:21.759+0000] {logging_mixin.py:190} INFO - Task hostname:78acbad22b7d operator:PythonOperator
[2024-11-21T19:05:21.812+0000] {local_task_job_runner.py:266} INFO - Task exited with return code 0
[2024-11-21T19:05:21.863+0000] {taskinstance.py:3895} INFO - 1 downstream tasks scheduled from follow-on schedule check
[2024-11-21T19:05:21.869+0000] {local_task_job_runner.py:245} INFO - ::endgroup::
