[2024-11-21T16:27:16.460+0000] {local_task_job_runner.py:123} INFO - ::group::Pre task execution logs
[2024-11-21T16:27:16.495+0000] {taskinstance.py:2613} INFO - Dependencies all met for dep_context=non-requeueable deps ti=<TaskInstance: candlestick_analysis.clusterizar_candles manual__2024-11-21T16:26:41.729974+00:00 [queued]>
[2024-11-21T16:27:16.511+0000] {taskinstance.py:2613} INFO - Dependencies all met for dep_context=requeueable deps ti=<TaskInstance: candlestick_analysis.clusterizar_candles manual__2024-11-21T16:26:41.729974+00:00 [queued]>
[2024-11-21T16:27:16.512+0000] {taskinstance.py:2866} INFO - Starting attempt 1 of 1
[2024-11-21T16:27:16.541+0000] {taskinstance.py:2889} INFO - Executing <Task(PythonOperator): clusterizar_candles> on 2024-11-21 16:26:41.729974+00:00
[2024-11-21T16:27:16.562+0000] {warnings.py:112} WARNING - /home/***/.local/lib/python3.12/site-packages/***/task/task_runner/standard_task_runner.py:70: DeprecationWarning: This process (pid=258) is multi-threaded, use of fork() may lead to deadlocks in the child.
  pid = os.fork()

[2024-11-21T16:27:16.566+0000] {standard_task_runner.py:72} INFO - Started process 267 to run task
[2024-11-21T16:27:16.565+0000] {standard_task_runner.py:104} INFO - Running: ['***', 'tasks', 'run', 'candlestick_analysis', 'clusterizar_candles', 'manual__2024-11-21T16:26:41.729974+00:00', '--job-id', '79', '--raw', '--subdir', 'DAGS_FOLDER/application.py', '--cfg-path', '/tmp/tmpx3ab4tj6']
[2024-11-21T16:27:16.572+0000] {standard_task_runner.py:105} INFO - Job 79: Subtask clusterizar_candles
[2024-11-21T16:27:16.688+0000] {task_command.py:467} INFO - Running <TaskInstance: candlestick_analysis.clusterizar_candles manual__2024-11-21T16:26:41.729974+00:00 [running]> on host 78acbad22b7d
[2024-11-21T16:27:16.894+0000] {taskinstance.py:3132} INFO - Exporting env vars: AIRFLOW_CTX_DAG_OWNER='***' AIRFLOW_CTX_DAG_ID='candlestick_analysis' AIRFLOW_CTX_TASK_ID='clusterizar_candles' AIRFLOW_CTX_EXECUTION_DATE='2024-11-21T16:26:41.729974+00:00' AIRFLOW_CTX_TRY_NUMBER='1' AIRFLOW_CTX_DAG_RUN_ID='manual__2024-11-21T16:26:41.729974+00:00'
[2024-11-21T16:27:16.897+0000] {logging_mixin.py:190} INFO - Task instance is in running state
[2024-11-21T16:27:16.899+0000] {logging_mixin.py:190} INFO -  Previous state of the Task instance: queued
[2024-11-21T16:27:16.900+0000] {logging_mixin.py:190} INFO - Current task name:clusterizar_candles state:running start_date:2024-11-21 16:27:16.496375+00:00
[2024-11-21T16:27:16.901+0000] {logging_mixin.py:190} INFO - Dag name:candlestick_analysis and current dag run status:running
[2024-11-21T16:27:16.902+0000] {taskinstance.py:731} INFO - ::endgroup::
[2024-11-21T16:27:17.303+0000] {logging_mixin.py:190} INFO - Silhouette Score: 0.610
[2024-11-21T16:27:17.416+0000] {python.py:240} INFO - Done. Returned value was: None
[2024-11-21T16:27:17.443+0000] {taskinstance.py:340} INFO - ::group::Post task execution logs
[2024-11-21T16:27:17.445+0000] {taskinstance.py:352} INFO - Marking task as SUCCESS. dag_id=candlestick_analysis, task_id=clusterizar_candles, run_id=manual__2024-11-21T16:26:41.729974+00:00, execution_date=20241121T162641, start_date=20241121T162716, end_date=20241121T162717
[2024-11-21T16:27:17.469+0000] {logging_mixin.py:190} INFO - Task instance in success state
[2024-11-21T16:27:17.470+0000] {logging_mixin.py:190} INFO -  Previous state of the Task instance: running
[2024-11-21T16:27:17.471+0000] {logging_mixin.py:190} INFO - Dag name:candlestick_analysis queued_at:2024-11-21 16:26:42.088394+00:00
[2024-11-21T16:27:17.472+0000] {logging_mixin.py:190} INFO - Task hostname:78acbad22b7d operator:PythonOperator
[2024-11-21T16:27:17.511+0000] {local_task_job_runner.py:266} INFO - Task exited with return code 0
[2024-11-21T16:27:17.576+0000] {taskinstance.py:3895} INFO - 1 downstream tasks scheduled from follow-on schedule check
[2024-11-21T16:27:17.583+0000] {local_task_job_runner.py:245} INFO - ::endgroup::
