[2024-11-21T15:32:10.386+0000] {local_task_job_runner.py:123} INFO - ::group::Pre task execution logs
[2024-11-21T15:32:10.442+0000] {taskinstance.py:2613} INFO - Dependencies all met for dep_context=non-requeueable deps ti=<TaskInstance: candlestick_analysis.clusterizar_candles manual__2024-11-21T15:30:26.803509+00:00 [queued]>
[2024-11-21T15:32:10.462+0000] {taskinstance.py:2613} INFO - Dependencies all met for dep_context=requeueable deps ti=<TaskInstance: candlestick_analysis.clusterizar_candles manual__2024-11-21T15:30:26.803509+00:00 [queued]>
[2024-11-21T15:32:10.463+0000] {taskinstance.py:2866} INFO - Starting attempt 1 of 1
[2024-11-21T15:32:10.482+0000] {taskinstance.py:2889} INFO - Executing <Task(PythonOperator): clusterizar_candles> on 2024-11-21 15:30:26.803509+00:00
[2024-11-21T15:32:10.500+0000] {warnings.py:112} WARNING - /home/***/.local/lib/python3.12/site-packages/***/task/task_runner/standard_task_runner.py:70: DeprecationWarning: This process (pid=522) is multi-threaded, use of fork() may lead to deadlocks in the child.
  pid = os.fork()

[2024-11-21T15:32:10.503+0000] {standard_task_runner.py:72} INFO - Started process 539 to run task
[2024-11-21T15:32:10.501+0000] {standard_task_runner.py:104} INFO - Running: ['***', 'tasks', 'run', 'candlestick_analysis', 'clusterizar_candles', 'manual__2024-11-21T15:30:26.803509+00:00', '--job-id', '57', '--raw', '--subdir', 'DAGS_FOLDER/application.py', '--cfg-path', '/tmp/tmp32eebcf7']
[2024-11-21T15:32:10.505+0000] {standard_task_runner.py:105} INFO - Job 57: Subtask clusterizar_candles
[2024-11-21T15:32:10.578+0000] {task_command.py:467} INFO - Running <TaskInstance: candlestick_analysis.clusterizar_candles manual__2024-11-21T15:30:26.803509+00:00 [running]> on host c397a827dfef
[2024-11-21T15:32:10.724+0000] {taskinstance.py:3132} INFO - Exporting env vars: AIRFLOW_CTX_DAG_OWNER='***' AIRFLOW_CTX_DAG_ID='candlestick_analysis' AIRFLOW_CTX_TASK_ID='clusterizar_candles' AIRFLOW_CTX_EXECUTION_DATE='2024-11-21T15:30:26.803509+00:00' AIRFLOW_CTX_TRY_NUMBER='1' AIRFLOW_CTX_DAG_RUN_ID='manual__2024-11-21T15:30:26.803509+00:00'
[2024-11-21T15:32:10.727+0000] {logging_mixin.py:190} INFO - Task instance is in running state
[2024-11-21T15:32:10.728+0000] {logging_mixin.py:190} INFO -  Previous state of the Task instance: queued
[2024-11-21T15:32:10.730+0000] {logging_mixin.py:190} INFO - Current task name:clusterizar_candles state:running start_date:2024-11-21 15:32:10.444503+00:00
[2024-11-21T15:32:10.731+0000] {logging_mixin.py:190} INFO - Dag name:candlestick_analysis and current dag run status:running
[2024-11-21T15:32:10.732+0000] {taskinstance.py:731} INFO - ::endgroup::
[2024-11-21T15:32:11.124+0000] {logging_mixin.py:190} INFO - Silhouette Score: 0.610
[2024-11-21T15:32:11.192+0000] {python.py:240} INFO - Done. Returned value was: None
[2024-11-21T15:32:11.209+0000] {taskinstance.py:340} INFO - ::group::Post task execution logs
[2024-11-21T15:32:11.211+0000] {taskinstance.py:352} INFO - Marking task as SUCCESS. dag_id=candlestick_analysis, task_id=clusterizar_candles, run_id=manual__2024-11-21T15:30:26.803509+00:00, execution_date=20241121T153026, start_date=20241121T153210, end_date=20241121T153211
[2024-11-21T15:32:11.228+0000] {logging_mixin.py:190} INFO - Task instance in success state
[2024-11-21T15:32:11.229+0000] {logging_mixin.py:190} INFO -  Previous state of the Task instance: running
[2024-11-21T15:32:11.230+0000] {logging_mixin.py:190} INFO - Dag name:candlestick_analysis queued_at:2024-11-21 15:30:26.872036+00:00
[2024-11-21T15:32:11.231+0000] {logging_mixin.py:190} INFO - Task hostname:c397a827dfef operator:PythonOperator
[2024-11-21T15:32:11.285+0000] {local_task_job_runner.py:266} INFO - Task exited with return code 0
[2024-11-21T15:32:11.316+0000] {taskinstance.py:3895} INFO - 1 downstream tasks scheduled from follow-on schedule check
[2024-11-21T15:32:11.319+0000] {local_task_job_runner.py:245} INFO - ::endgroup::
