[2024-11-21T13:53:39.381+0000] {local_task_job_runner.py:123} INFO - ::group::Pre task execution logs
[2024-11-21T13:53:39.403+0000] {taskinstance.py:2613} INFO - Dependencies all met for dep_context=non-requeueable deps ti=<TaskInstance: candlestick_analysis.carregar_arquivo manual__2024-11-21T13:48:25.673972+00:00 [queued]>
[2024-11-21T13:53:39.416+0000] {taskinstance.py:2613} INFO - Dependencies all met for dep_context=requeueable deps ti=<TaskInstance: candlestick_analysis.carregar_arquivo manual__2024-11-21T13:48:25.673972+00:00 [queued]>
[2024-11-21T13:53:39.417+0000] {taskinstance.py:2866} INFO - Starting attempt 2 of 2
[2024-11-21T13:53:39.434+0000] {taskinstance.py:2889} INFO - Executing <Task(PythonOperator): carregar_arquivo> on 2024-11-21 13:48:25.673972+00:00
[2024-11-21T13:53:39.451+0000] {warnings.py:112} WARNING - /home/***/.local/lib/python3.12/site-packages/***/task/task_runner/standard_task_runner.py:70: DeprecationWarning: This process (pid=202) is multi-threaded, use of fork() may lead to deadlocks in the child.
  pid = os.fork()

[2024-11-21T13:53:39.453+0000] {standard_task_runner.py:72} INFO - Started process 211 to run task
[2024-11-21T13:53:39.452+0000] {standard_task_runner.py:104} INFO - Running: ['***', 'tasks', 'run', 'candlestick_analysis', 'carregar_arquivo', 'manual__2024-11-21T13:48:25.673972+00:00', '--job-id', '20', '--raw', '--subdir', 'DAGS_FOLDER/application.py', '--cfg-path', '/tmp/tmpbhk_u5im']
[2024-11-21T13:53:39.455+0000] {standard_task_runner.py:105} INFO - Job 20: Subtask carregar_arquivo
[2024-11-21T13:53:39.516+0000] {task_command.py:467} INFO - Running <TaskInstance: candlestick_analysis.carregar_arquivo manual__2024-11-21T13:48:25.673972+00:00 [running]> on host 21e13569ac20
[2024-11-21T13:53:39.623+0000] {taskinstance.py:3132} INFO - Exporting env vars: AIRFLOW_CTX_DAG_OWNER='***' AIRFLOW_CTX_DAG_ID='candlestick_analysis' AIRFLOW_CTX_TASK_ID='carregar_arquivo' AIRFLOW_CTX_EXECUTION_DATE='2024-11-21T13:48:25.673972+00:00' AIRFLOW_CTX_TRY_NUMBER='2' AIRFLOW_CTX_DAG_RUN_ID='manual__2024-11-21T13:48:25.673972+00:00'
[2024-11-21T13:53:39.625+0000] {logging_mixin.py:190} INFO - Task instance is in running state
[2024-11-21T13:53:39.626+0000] {logging_mixin.py:190} INFO -  Previous state of the Task instance: queued
[2024-11-21T13:53:39.627+0000] {logging_mixin.py:190} INFO - Current task name:carregar_arquivo state:running start_date:2024-11-21 13:53:39.404562+00:00
[2024-11-21T13:53:39.628+0000] {logging_mixin.py:190} INFO - Dag name:candlestick_analysis and current dag run status:running
[2024-11-21T13:53:39.629+0000] {taskinstance.py:731} INFO - ::endgroup::
[2024-11-21T13:53:40.565+0000] {python.py:240} INFO - Done. Returned value was: None
[2024-11-21T13:53:40.581+0000] {taskinstance.py:340} INFO - ::group::Post task execution logs
[2024-11-21T13:53:40.583+0000] {taskinstance.py:352} INFO - Marking task as SUCCESS. dag_id=candlestick_analysis, task_id=carregar_arquivo, run_id=manual__2024-11-21T13:48:25.673972+00:00, execution_date=20241121T134825, start_date=20241121T135339, end_date=20241121T135340
[2024-11-21T13:53:40.600+0000] {logging_mixin.py:190} INFO - Task instance in success state
[2024-11-21T13:53:40.601+0000] {logging_mixin.py:190} INFO -  Previous state of the Task instance: running
[2024-11-21T13:53:40.602+0000] {logging_mixin.py:190} INFO - Dag name:candlestick_analysis queued_at:2024-11-21 13:48:25.701060+00:00
[2024-11-21T13:53:40.603+0000] {logging_mixin.py:190} INFO - Task hostname:21e13569ac20 operator:PythonOperator
[2024-11-21T13:53:40.634+0000] {local_task_job_runner.py:266} INFO - Task exited with return code 0
[2024-11-21T13:53:40.672+0000] {taskinstance.py:3895} INFO - 1 downstream tasks scheduled from follow-on schedule check
[2024-11-21T13:53:40.675+0000] {local_task_job_runner.py:245} INFO - ::endgroup::
